<?xml version="1.0" encoding="utf-8"?>
<TestRun id="b7f580da-a5ec-49c9-b83f-441f78b1c0f2" name="@runnervmg1sw1 2025-11-26 22:31:36" xmlns="http://microsoft.com/schemas/VisualStudio/TeamTest/2010">
  <Times creation="2025-11-26T22:31:36.3659338+00:00" queuing="2025-11-26T22:31:36.3659339+00:00" start="2025-11-26T22:31:35.3049985+00:00" finish="2025-11-26T22:31:36.6168901+00:00" />
  <TestSettings name="default" id="53c7f1ac-b9aa-43f7-971a-929fe3a5b97a">
    <Deployment runDeploymentRoot="_runnervmg1sw1_2025-11-26_22_31_36" />
  </TestSettings>
  <Results>
    <UnitTestResult executionId="98435991-549d-49fb-86e1-4c084559d730" testId="d180d2fb-0217-e451-4e93-8cc07f7355b2" testName="Drasi.Reactions.PostDaprPubSub.Tests.HandlebarChangeFormatterTests.Format_DeletedTemplate_FormatsDeletedResults" computerName="runnervmg1sw1" duration="00:00:00.0023887" startTime="2025-11-26T22:31:36.5349718+00:00" endTime="2025-11-26T22:31:36.5349718+00:00" testType="13cdc9d9-ddb5-4fa4-a97d-d965ccfc6d4b" outcome="Passed" testListId="8c84fa94-04c1-424b-9868-57a2d4851a1d" relativeResultsDirectory="98435991-549d-49fb-86e1-4c084559d730" />
    <UnitTestResult executionId="705dfe6a-fcf6-4a5e-9e25-cf73a80b32f1" testId="e2d85402-6144-2f75-d5e9-b3979be70eae" testName="Drasi.Reactions.PostDaprPubSub.Tests.ErrorStateHandlerTests.Terminate_CallsTerminateWithError" computerName="runnervmg1sw1" duration="00:00:00.0004165" startTime="2025-11-26T22:31:36.4344610+00:00" endTime="2025-11-26T22:31:36.4344611+00:00" testType="13cdc9d9-ddb5-4fa4-a97d-d965ccfc6d4b" outcome="Passed" testListId="8c84fa94-04c1-424b-9868-57a2d4851a1d" relativeResultsDirectory="705dfe6a-fcf6-4a5e-9e25-cf73a80b32f1" />
    <UnitTestResult executionId="a20bf32a-5522-43dd-afd9-91905a1726d0" testId="b3d2948b-5e96-93c5-e37f-2211d61a9817" testName="Drasi.Reactions.PostDaprPubSub.Tests.HandlebarChangeFormatterTests.Format_EmptyEvent_ReturnsEmptyCollection" computerName="runnervmg1sw1" duration="00:00:00.0037029" startTime="2025-11-26T22:31:36.5357396+00:00" endTime="2025-11-26T22:31:36.5357397+00:00" testType="13cdc9d9-ddb5-4fa4-a97d-d965ccfc6d4b" outcome="Passed" testListId="8c84fa94-04c1-424b-9868-57a2d4851a1d" relativeResultsDirectory="a20bf32a-5522-43dd-afd9-91905a1726d0" />
    <UnitTestResult executionId="e897fda1-8611-4147-a319-9fa66958135a" testId="425837e1-0554-12ef-b437-01c95af1d198" testName="Drasi.Reactions.PostDaprPubSub.Tests.ControlSignalHandlerTests.HandleControlSignal_PublishFails_ThrowsException" computerName="runnervmg1sw1" duration="00:00:00.0103250" startTime="2025-11-26T22:31:36.4509405+00:00" endTime="2025-11-26T22:31:36.4509406+00:00" testType="13cdc9d9-ddb5-4fa4-a97d-d965ccfc6d4b" outcome="Passed" testListId="8c84fa94-04c1-424b-9868-57a2d4851a1d" relativeResultsDirectory="e897fda1-8611-4147-a319-9fa66958135a" />
    <UnitTestResult executionId="40e90134-6ce2-4f28-8729-086d645262f4" testId="3476cddb-751f-dbbb-430f-10232721d494" testName="Drasi.Reactions.PostDaprPubSub.Tests.DaprInitializationServiceTests.WaitForDaprSidecarAsync_OtherException_TerminatesAndRethrows" computerName="runnervmg1sw1" duration="00:00:00.0021013" startTime="2025-11-26T22:31:36.3918782+00:00" endTime="2025-11-26T22:31:36.3918783+00:00" testType="13cdc9d9-ddb5-4fa4-a97d-d965ccfc6d4b" outcome="Passed" testListId="8c84fa94-04c1-424b-9868-57a2d4851a1d" relativeResultsDirectory="40e90134-6ce2-4f28-8729-086d645262f4" />
    <UnitTestResult executionId="9866b543-39a3-4785-9593-283b8537f7b0" testId="fffbcd02-d95c-82cc-caca-d1709e6b03bc" testName="Drasi.Reactions.PostDaprPubSub.Tests.QueryConfigValidationServiceTests.ValidateQueryConfigsAsync_FirstQueryInvalid_StopsValidationAndTerminates" computerName="runnervmg1sw1" duration="00:00:00.0025603" startTime="2025-11-26T22:31:36.3856320+00:00" endTime="2025-11-26T22:31:36.3856321+00:00" testType="13cdc9d9-ddb5-4fa4-a97d-d965ccfc6d4b" outcome="Passed" testListId="8c84fa94-04c1-424b-9868-57a2d4851a1d" relativeResultsDirectory="9866b543-39a3-4785-9593-283b8537f7b0" />
    <UnitTestResult executionId="3e3f3075-d6dd-4cf8-9906-326cedcfe6f2" testId="34582b26-0560-05b7-cc28-19d055f31b6b" testName="Drasi.Reactions.PostDaprPubSub.Tests.QueryConfigValidationServiceTests.ValidateQueryConfigsAsync_InvalidConfig_TerminatesWithError" computerName="runnervmg1sw1" duration="00:00:00.0242151" startTime="2025-11-26T22:31:36.4133526+00:00" endTime="2025-11-26T22:31:36.4133528+00:00" testType="13cdc9d9-ddb5-4fa4-a97d-d965ccfc6d4b" outcome="Passed" testListId="8c84fa94-04c1-424b-9868-57a2d4851a1d" relativeResultsDirectory="3e3f3075-d6dd-4cf8-9906-326cedcfe6f2" />
    <UnitTestResult executionId="57ad89c0-9b3a-42d4-9166-0daecaa557f4" testId="cf2e0766-dbe6-a21c-1672-edb02e390c8f" testName="Drasi.Reactions.PostDaprPubSub.Tests.QueryConfigTests.ValidateConfig_EmptyTopicName_ShouldHaveError" computerName="runnervmg1sw1" duration="00:00:00.0055982" startTime="2025-11-26T22:31:36.3026755+00:00" endTime="2025-11-26T22:31:36.3026756+00:00" testType="13cdc9d9-ddb5-4fa4-a97d-d965ccfc6d4b" outcome="Passed" testListId="8c84fa94-04c1-424b-9868-57a2d4851a1d" relativeResultsDirectory="57ad89c0-9b3a-42d4-9166-0daecaa557f4" />
    <UnitTestResult executionId="2b94703e-6114-48e3-8da7-e2f96a09fbb0" testId="cdc62f13-b04b-5a35-f6e8-08f521e54efe" testName="Drasi.Reactions.PostDaprPubSub.Tests.HandlebarChangeFormatterTests.Format_UpdatedTemplate_FormatsUpdatedResults" computerName="runnervmg1sw1" duration="00:00:00.0032727" startTime="2025-11-26T22:31:36.5390597+00:00" endTime="2025-11-26T22:31:36.5390598+00:00" testType="13cdc9d9-ddb5-4fa4-a97d-d965ccfc6d4b" outcome="Passed" testListId="8c84fa94-04c1-424b-9868-57a2d4851a1d" relativeResultsDirectory="2b94703e-6114-48e3-8da7-e2f96a09fbb0" />
    <UnitTestResult executionId="f26c8ea1-13c1-49e3-990f-2d2cd02e96e3" testId="fe55149d-9a11-a0f9-d89a-5ec8c20c5ebc" testName="Drasi.Reactions.PostDaprPubSub.Tests.ChangeHandlerTests.HandleChange_MultipleUnpackedEvents_PublishesEachEvent" computerName="runnervmg1sw1" duration="00:00:00.0037616" startTime="2025-11-26T22:31:36.4406051+00:00" endTime="2025-11-26T22:31:36.4406052+00:00" testType="13cdc9d9-ddb5-4fa4-a97d-d965ccfc6d4b" outcome="Passed" testListId="8c84fa94-04c1-424b-9868-57a2d4851a1d" relativeResultsDirectory="f26c8ea1-13c1-49e3-990f-2d2cd02e96e3" />
    <UnitTestResult executionId="93c32bbe-fb66-45fa-8d79-077d20b3b6af" testId="07fdafc7-75b6-dc8b-b23e-74a093f78d3a" testName="Drasi.Reactions.PostDaprPubSub.Tests.DaprInitializationServiceTests.WaitForDaprSidecarAsync_DaprException_TerminatesAndRethrows" computerName="runnervmg1sw1" duration="00:00:00.0050346" startTime="2025-11-26T22:31:36.3856518+00:00" endTime="2025-11-26T22:31:36.3856519+00:00" testType="13cdc9d9-ddb5-4fa4-a97d-d965ccfc6d4b" outcome="Passed" testListId="8c84fa94-04c1-424b-9868-57a2d4851a1d" relativeResultsDirectory="93c32bbe-fb66-45fa-8d79-077d20b3b6af" />
    <UnitTestResult executionId="3bbf9428-b07c-49f4-b41f-67c087b0256c" testId="b4bce090-0cb1-69d2-4298-e069deb27190" testName="Drasi.Reactions.PostDaprPubSub.Tests.QueryConfigTests.QueryConfig_FormatMode_DefaultIsUnpacked" computerName="runnervmg1sw1" duration="00:00:00.0001329" startTime="2025-11-26T22:31:36.3036214+00:00" endTime="2025-11-26T22:31:36.3036215+00:00" testType="13cdc9d9-ddb5-4fa4-a97d-d965ccfc6d4b" outcome="Passed" testListId="8c84fa94-04c1-424b-9868-57a2d4851a1d" relativeResultsDirectory="3bbf9428-b07c-49f4-b41f-67c087b0256c" />
    <UnitTestResult executionId="69b7aefc-d8b2-49ca-b850-33806ddc314e" testId="c5af4e3e-0ae9-4739-481e-2fba006286b8" testName="Drasi.Reactions.PostDaprPubSub.Tests.ControlSignalHandlerTests.HandleControlSignal_UnpackedFormat_PublishesUnpackedEvent" computerName="runnervmg1sw1" duration="00:00:00.0042206" startTime="2025-11-26T22:31:36.4552299+00:00" endTime="2025-11-26T22:31:36.4552300+00:00" testType="13cdc9d9-ddb5-4fa4-a97d-d965ccfc6d4b" outcome="Passed" testListId="8c84fa94-04c1-424b-9868-57a2d4851a1d" relativeResultsDirectory="69b7aefc-d8b2-49ca-b850-33806ddc314e" />
    <UnitTestResult executionId="f5143558-de20-4adc-85d4-e5457ccbd692" testId="d3405e7b-aef3-6311-6ad1-a6a8902c5fb7" testName="Drasi.Reactions.PostDaprPubSub.Tests.ChangeFormatterTests.ChangeFormatterFactory_GetFormatter_ShouldReturnDrasiFormatter" computerName="runnervmg1sw1" duration="00:00:00.0027542" startTime="2025-11-26T22:31:36.4326078+00:00" endTime="2025-11-26T22:31:36.4326079+00:00" testType="13cdc9d9-ddb5-4fa4-a97d-d965ccfc6d4b" outcome="Passed" testListId="8c84fa94-04c1-424b-9868-57a2d4851a1d" relativeResultsDirectory="f5143558-de20-4adc-85d4-e5457ccbd692" />
    <UnitTestResult executionId="aad9cb50-c283-4545-9070-cee297e7c43b" testId="eaa9352c-e56d-bccb-7ebd-c86cb231c82e" testName="Drasi.Reactions.PostDaprPubSub.Tests.DaprInitializationServiceTests.WaitForDaprSidecarAsync_Cancelled_DoesNotCallTerminate" computerName="runnervmg1sw1" duration="00:00:00.0735887" startTime="2025-11-26T22:31:36.3802905+00:00" endTime="2025-11-26T22:31:36.3802907+00:00" testType="13cdc9d9-ddb5-4fa4-a97d-d965ccfc6d4b" outcome="Passed" testListId="8c84fa94-04c1-424b-9868-57a2d4851a1d" relativeResultsDirectory="aad9cb50-c283-4545-9070-cee297e7c43b" />
    <UnitTestResult executionId="0937e316-4d0c-4708-a2e4-bd7785b9ac38" testId="16d164c0-fcfd-8d45-4ba6-fccae81767c7" testName="Drasi.Reactions.PostDaprPubSub.Tests.ChangeFormatterTests.DrasiChangeFormatter_FormatDeletedResults_ShouldReturnCorrectFormat" computerName="runnervmg1sw1" duration="00:00:00.0004464" startTime="2025-11-26T22:31:36.4340542+00:00" endTime="2025-11-26T22:31:36.4340543+00:00" testType="13cdc9d9-ddb5-4fa4-a97d-d965ccfc6d4b" outcome="Passed" testListId="8c84fa94-04c1-424b-9868-57a2d4851a1d" relativeResultsDirectory="0937e316-4d0c-4708-a2e4-bd7785b9ac38" />
    <UnitTestResult executionId="0dfa17ea-16e4-42b7-90ab-e6a03a09e58a" testId="7688b0d8-5bc7-3b99-070d-4b66e4dc6ea2" testName="Drasi.Reactions.PostDaprPubSub.Tests.ChangeHandlerTests.HandleChange_UnpackedFormat_PublishesUnpackedEvents" computerName="runnervmg1sw1" duration="00:00:00.0124172" startTime="2025-11-26T22:31:36.4366995+00:00" endTime="2025-11-26T22:31:36.4366996+00:00" testType="13cdc9d9-ddb5-4fa4-a97d-d965ccfc6d4b" outcome="Passed" testListId="8c84fa94-04c1-424b-9868-57a2d4851a1d" relativeResultsDirectory="0dfa17ea-16e4-42b7-90ab-e6a03a09e58a" />
    <UnitTestResult executionId="a6a84a55-18de-4210-a195-a2ca9ca55464" testId="0cf5dae0-b7c4-bf50-ccfa-b4daf39608ac" testName="Drasi.Reactions.PostDaprPubSub.Tests.ControlSignalHandlerTests.HandleControlSignal_NullConfig_ThrowsArgumentNullException" computerName="runnervmg1sw1" duration="00:00:00.0007657" startTime="2025-11-26T22:31:36.4560636+00:00" endTime="2025-11-26T22:31:36.4560637+00:00" testType="13cdc9d9-ddb5-4fa4-a97d-d965ccfc6d4b" outcome="Passed" testListId="8c84fa94-04c1-424b-9868-57a2d4851a1d" relativeResultsDirectory="a6a84a55-18de-4210-a195-a2ca9ca55464" />
    <UnitTestResult executionId="4f1d6ca2-e854-4831-88ea-d3b6b398f4ba" testId="d6a8330b-be93-d610-a784-d620841ceab4" testName="Drasi.Reactions.PostDaprPubSub.Tests.HandlebarChangeFormatterTests.Format_QueryIdInTemplate_IncludesQueryId" computerName="runnervmg1sw1" duration="00:00:00.0058313" startTime="2025-11-26T22:31:36.5170349+00:00" endTime="2025-11-26T22:31:36.5170350+00:00" testType="13cdc9d9-ddb5-4fa4-a97d-d965ccfc6d4b" outcome="Passed" testListId="8c84fa94-04c1-424b-9868-57a2d4851a1d" relativeResultsDirectory="4f1d6ca2-e854-4831-88ea-d3b6b398f4ba" />
    <UnitTestResult executionId="30ebfc9d-0187-4d77-a6f9-4d058cd601b0" testId="e8e1aaab-eb79-4470-896f-bd2944396db8" testName="Drasi.Reactions.PostDaprPubSub.Tests.ChangeHandlerTests.HandleChange_NullConfig_ThrowsArgumentNullException" computerName="runnervmg1sw1" duration="00:00:00.0011980" startTime="2025-11-26T22:31:36.4213027+00:00" endTime="2025-11-26T22:31:36.4213028+00:00" testType="13cdc9d9-ddb5-4fa4-a97d-d965ccfc6d4b" outcome="Passed" testListId="8c84fa94-04c1-424b-9868-57a2d4851a1d" relativeResultsDirectory="30ebfc9d-0187-4d77-a6f9-4d058cd601b0" />
    <UnitTestResult executionId="952f5856-b6a2-4d1c-bfc5-cb4fbb1754a5" testId="bc1ae41c-4d33-fe13-ea9d-5f5832333aef" testName="Drasi.Reactions.PostDaprPubSub.Tests.QueryConfigValidationServiceTests.ValidateQueryConfigsAsync_NoQueries_LogsWarningAndSucceeds" computerName="runnervmg1sw1" duration="00:00:00.0011727" startTime="2025-11-26T22:31:36.3890042+00:00" endTime="2025-11-26T22:31:36.3890043+00:00" testType="13cdc9d9-ddb5-4fa4-a97d-d965ccfc6d4b" outcome="Passed" testListId="8c84fa94-04c1-424b-9868-57a2d4851a1d" relativeResultsDirectory="952f5856-b6a2-4d1c-bfc5-cb4fbb1754a5" />
    <UnitTestResult executionId="cb1f8b6d-ece8-4992-ab0c-f139b3ea8112" testId="37573cbb-dc99-70e3-62cd-c8fb658f83d7" testName="Drasi.Reactions.PostDaprPubSub.Tests.HandlebarChangeFormatterTests.Format_InvalidJsonTemplate_LogsErrorAndContinues" computerName="runnervmg1sw1" duration="00:00:00.0030385" startTime="2025-11-26T22:31:36.5464800+00:00" endTime="2025-11-26T22:31:36.5464801+00:00" testType="13cdc9d9-ddb5-4fa4-a97d-d965ccfc6d4b" outcome="Passed" testListId="8c84fa94-04c1-424b-9868-57a2d4851a1d" relativeResultsDirectory="cb1f8b6d-ece8-4992-ab0c-f139b3ea8112" />
    <UnitTestResult executionId="f1ed39f1-11cc-415c-90e4-bd50378b0ec6" testId="c5e94c7b-2a71-e38d-7780-903bdbedfdf9" testName="Drasi.Reactions.PostDaprPubSub.Tests.HandlebarChangeFormatterTests.Format_AddedTemplate_FormatsAddedResults" computerName="runnervmg1sw1" duration="00:00:00.1209441" startTime="2025-11-26T22:31:36.5106885+00:00" endTime="2025-11-26T22:31:36.5106886+00:00" testType="13cdc9d9-ddb5-4fa4-a97d-d965ccfc6d4b" outcome="Passed" testListId="8c84fa94-04c1-424b-9868-57a2d4851a1d" relativeResultsDirectory="f1ed39f1-11cc-415c-90e4-bd50378b0ec6" />
    <UnitTestResult executionId="8d6541ed-6571-49e2-aca7-200bf0379437" testId="9cb056ed-2115-02b5-2fb4-823a4207cd0b" testName="Drasi.Reactions.PostDaprPubSub.Tests.HandlebarChangeFormatterTests.Format_MultipleAddedResults_FormatsAll" computerName="runnervmg1sw1" duration="00:00:00.0042258" startTime="2025-11-26T22:31:36.5343125+00:00" endTime="2025-11-26T22:31:36.5343126+00:00" testType="13cdc9d9-ddb5-4fa4-a97d-d965ccfc6d4b" outcome="Failed" testListId="8c84fa94-04c1-424b-9868-57a2d4851a1d" relativeResultsDirectory="8d6541ed-6571-49e2-aca7-200bf0379437">
      <Output>
        <ErrorInfo>
          <Message>Assert.Contains() Failure
Not found: (filter expression)
In value:  List&lt;JsonElement&gt; [{"id": "1"}, {"id": "2"}, {"id": "3"}]</Message>
          <StackTrace>   at Drasi.Reactions.PostDaprPubSub.Tests.HandlebarChangeFormatterTests.Format_MultipleAddedResults_FormatsAll() in /home/runner/work/drasi-platform/drasi-platform/reactions/dapr/post-pubsub/Drasi.Reactions.PostDaprPubSub.Tests/HandlebarChangeFormatterTests.cs:line 287
   at System.RuntimeMethodHandle.InvokeMethod(Object target, Void** arguments, Signature sig, Boolean isConstructor)
   at System.Reflection.MethodBaseInvoker.InvokeWithNoArgs(Object obj, BindingFlags invokeAttr)</StackTrace>
        </ErrorInfo>
      </Output>
    </UnitTestResult>
    <UnitTestResult executionId="d042f4bc-3a41-45c5-ad62-6114e3abcc08" testId="24c95512-85ad-64a8-4e05-956b1963028a" testName="Drasi.Reactions.PostDaprPubSub.Tests.ControlSignalHandlerTests.HandleControlSignal_PackedFormat_PublishesPackedEvent" computerName="runnervmg1sw1" duration="00:00:00.0036651" startTime="2025-11-26T22:31:36.4613019+00:00" endTime="2025-11-26T22:31:36.4613020+00:00" testType="13cdc9d9-ddb5-4fa4-a97d-d965ccfc6d4b" outcome="Passed" testListId="8c84fa94-04c1-424b-9868-57a2d4851a1d" relativeResultsDirectory="d042f4bc-3a41-45c5-ad62-6114e3abcc08" />
    <UnitTestResult executionId="c6f111a5-724b-4bcd-b6b9-7e07e2901573" testId="23540331-e246-399c-9b8a-ca9811dc58a1" testName="Drasi.Reactions.PostDaprPubSub.Tests.ChangeHandlerTests.HandleChange_PublishFails_ThrowsException" computerName="runnervmg1sw1" duration="00:00:00.0031048" startTime="2025-11-26T22:31:36.4244403+00:00" endTime="2025-11-26T22:31:36.4244404+00:00" testType="13cdc9d9-ddb5-4fa4-a97d-d965ccfc6d4b" outcome="Passed" testListId="8c84fa94-04c1-424b-9868-57a2d4851a1d" relativeResultsDirectory="c6f111a5-724b-4bcd-b6b9-7e07e2901573" />
    <UnitTestResult executionId="7d637159-ecaa-4e3c-b44d-3d9411ee5b32" testId="3e2ec2d1-2242-4333-d694-d8d0a9a7dcbd" testName="Drasi.Reactions.PostDaprPubSub.Tests.QueryConfigTests.ValidateConfig_EmptyPubsubName_ShouldHaveError" computerName="runnervmg1sw1" duration="00:00:00.0007506" startTime="2025-11-26T22:31:36.3034253+00:00" endTime="2025-11-26T22:31:36.3034254+00:00" testType="13cdc9d9-ddb5-4fa4-a97d-d965ccfc6d4b" outcome="Passed" testListId="8c84fa94-04c1-424b-9868-57a2d4851a1d" relativeResultsDirectory="7d637159-ecaa-4e3c-b44d-3d9411ee5b32" />
    <UnitTestResult executionId="7c282fbf-148e-4a14-a424-c48de5a1fedd" testId="20ffe6a0-2a07-4414-25a8-2c20d6967970" testName="Drasi.Reactions.PostDaprPubSub.Tests.QueryConfigValidationServiceTests.ValidateQueryConfigsAsync_NullQueryConfig_TerminatesWithError" computerName="runnervmg1sw1" duration="00:00:00.0022396" startTime="2025-11-26T22:31:36.3881554+00:00" endTime="2025-11-26T22:31:36.3881555+00:00" testType="13cdc9d9-ddb5-4fa4-a97d-d965ccfc6d4b" outcome="Passed" testListId="8c84fa94-04c1-424b-9868-57a2d4851a1d" relativeResultsDirectory="7c282fbf-148e-4a14-a424-c48de5a1fedd" />
    <UnitTestResult executionId="8da26ff3-ddd0-446f-a503-9aca48a6b23e" testId="c2aa9d68-546f-7bb9-2fc0-35e7abc29e4c" testName="Drasi.Reactions.PostDaprPubSub.Tests.ChangeFormatterTests.DrasiChangeFormatter_FormatMultipleResults_ShouldReturnCorrectCount" computerName="runnervmg1sw1" duration="00:00:00.0141621" startTime="2025-11-26T22:31:36.4285188+00:00" endTime="2025-11-26T22:31:36.4285189+00:00" testType="13cdc9d9-ddb5-4fa4-a97d-d965ccfc6d4b" outcome="Passed" testListId="8c84fa94-04c1-424b-9868-57a2d4851a1d" relativeResultsDirectory="8da26ff3-ddd0-446f-a503-9aca48a6b23e" />
    <UnitTestResult executionId="22b7cac8-5002-4c1c-acf1-bad816681aa6" testId="5464ff11-0b3b-938b-e16b-6831fae1caf5" testName="Drasi.Reactions.PostDaprPubSub.Tests.ControlSignalHandlerTests.HandleControlSignal_SkipControlSignals_DoesNotPublish" computerName="runnervmg1sw1" duration="00:00:00.0014277" startTime="2025-11-26T22:31:36.4575605+00:00" endTime="2025-11-26T22:31:36.4575606+00:00" testType="13cdc9d9-ddb5-4fa4-a97d-d965ccfc6d4b" outcome="Passed" testListId="8c84fa94-04c1-424b-9868-57a2d4851a1d" relativeResultsDirectory="22b7cac8-5002-4c1c-acf1-bad816681aa6" />
    <UnitTestResult executionId="11afd4ea-7639-473d-85cc-6632bf94af23" testId="5529108a-3fb2-6e8d-ca67-0ac2bc6e8b51" testName="Drasi.Reactions.PostDaprPubSub.Tests.DaprInitializationServiceTests.WaitForDaprSidecarAsync_Success_LogsInfoMessage" computerName="runnervmg1sw1" duration="00:00:00.0016828" startTime="2025-11-26T22:31:36.3871876+00:00" endTime="2025-11-26T22:31:36.3871877+00:00" testType="13cdc9d9-ddb5-4fa4-a97d-d965ccfc6d4b" outcome="Passed" testListId="8c84fa94-04c1-424b-9868-57a2d4851a1d" relativeResultsDirectory="11afd4ea-7639-473d-85cc-6632bf94af23" />
    <UnitTestResult executionId="ec9e623f-e5e4-43f1-838e-cb0228c445f8" testId="38ea7cc3-6117-dec5-6a2b-976f60e564a2" testName="Drasi.Reactions.PostDaprPubSub.Tests.QueryConfigTests.ValidateConfig_ValidConfiguration_ShouldHaveNoErrors" computerName="runnervmg1sw1" duration="00:00:00.0006958" startTime="2025-11-26T22:31:36.3043807+00:00" endTime="2025-11-26T22:31:36.3043808+00:00" testType="13cdc9d9-ddb5-4fa4-a97d-d965ccfc6d4b" outcome="Passed" testListId="8c84fa94-04c1-424b-9868-57a2d4851a1d" relativeResultsDirectory="ec9e623f-e5e4-43f1-838e-cb0228c445f8" />
    <UnitTestResult executionId="71f19420-488c-4783-bcc0-6fa7cb64abec" testId="66b1ad1b-6b97-1257-c837-63c6b4850002" testName="Drasi.Reactions.PostDaprPubSub.Tests.HandlebarChangeFormatterTests.Format_AllTemplatesConfigured_FormatsAllTypes" computerName="runnervmg1sw1" duration="00:00:00.0038646" startTime="2025-11-26T22:31:36.5439668+00:00" endTime="2025-11-26T22:31:36.5439669+00:00" testType="13cdc9d9-ddb5-4fa4-a97d-d965ccfc6d4b" outcome="Failed" testListId="8c84fa94-04c1-424b-9868-57a2d4851a1d" relativeResultsDirectory="71f19420-488c-4783-bcc0-6fa7cb64abec">
      <Output>
        <ErrorInfo>
          <Message>Assert.Contains() Failure
Not found: (filter expression)
In value:  List&lt;JsonElement&gt; [{"op": "i", "id": "1"}, {"op": "u", "id": "2"}, {"op": "d", "id": "3"}]</Message>
          <StackTrace>   at Drasi.Reactions.PostDaprPubSub.Tests.HandlebarChangeFormatterTests.Format_AllTemplatesConfigured_FormatsAllTypes() in /home/runner/work/drasi-platform/drasi-platform/reactions/dapr/post-pubsub/Drasi.Reactions.PostDaprPubSub.Tests/HandlebarChangeFormatterTests.cs:line 253
   at System.RuntimeMethodHandle.InvokeMethod(Object target, Void** arguments, Signature sig, Boolean isConstructor)
   at System.Reflection.MethodBaseInvoker.InvokeWithNoArgs(Object obj, BindingFlags invokeAttr)</StackTrace>
        </ErrorInfo>
      </Output>
    </UnitTestResult>
    <UnitTestResult executionId="04549c77-dd77-485e-8ca0-550cf4588553" testId="c1d9e2a0-2ac2-de19-4bf9-326404dc4894" testName="Drasi.Reactions.PostDaprPubSub.Tests.QueryConfigValidationServiceTests.ValidateQueryConfigsAsync_ValidConfig_Succeeds" computerName="runnervmg1sw1" duration="00:00:00.0014679" startTime="2025-11-26T22:31:36.3828106+00:00" endTime="2025-11-26T22:31:36.3828107+00:00" testType="13cdc9d9-ddb5-4fa4-a97d-d965ccfc6d4b" outcome="Passed" testListId="8c84fa94-04c1-424b-9868-57a2d4851a1d" relativeResultsDirectory="04549c77-dd77-485e-8ca0-550cf4588553" />
    <UnitTestResult executionId="e4058149-eccf-4d44-84c4-7fbb851fa9b4" testId="936ac4f3-f1fd-ac9e-b288-bd89fdb6625a" testName="Drasi.Reactions.PostDaprPubSub.Tests.ChangeFormatterTests.DrasiChangeFormatter_FormatUpdatedResults_ShouldReturnCorrectFormat" computerName="runnervmg1sw1" duration="00:00:00.0009987" startTime="2025-11-26T22:31:36.4295864+00:00" endTime="2025-11-26T22:31:36.4295865+00:00" testType="13cdc9d9-ddb5-4fa4-a97d-d965ccfc6d4b" outcome="Passed" testListId="8c84fa94-04c1-424b-9868-57a2d4851a1d" relativeResultsDirectory="e4058149-eccf-4d44-84c4-7fbb851fa9b4" />
    <UnitTestResult executionId="69c652eb-7b1e-47b7-9741-6bdf620538e6" testId="6ed7af5b-5223-b7ca-9630-d0d748c360af" testName="Drasi.Reactions.PostDaprPubSub.Tests.QueryConfigValidationServiceTests.ValidateQueryConfigsAsync_MultipleQueries_ValidatesAll" computerName="runnervmg1sw1" duration="00:00:00.0937487" startTime="2025-11-26T22:31:36.3812450+00:00" endTime="2025-11-26T22:31:36.3812451+00:00" testType="13cdc9d9-ddb5-4fa4-a97d-d965ccfc6d4b" outcome="Passed" testListId="8c84fa94-04c1-424b-9868-57a2d4851a1d" relativeResultsDirectory="69c652eb-7b1e-47b7-9741-6bdf620538e6" />
    <UnitTestResult executionId="0bde6058-1238-41a2-9806-8a0c45e5f7bc" testId="1a145d35-ecdf-a9d0-5449-252a5362cea7" testName="Drasi.Reactions.PostDaprPubSub.Tests.HandlebarChangeFormatterTests.Constructor_NullQueryId_ThrowsArgumentNullException" computerName="runnervmg1sw1" duration="00:00:00.0002464" startTime="2025-11-26T22:31:36.5440704+00:00" endTime="2025-11-26T22:31:36.5440705+00:00" testType="13cdc9d9-ddb5-4fa4-a97d-d965ccfc6d4b" outcome="Passed" testListId="8c84fa94-04c1-424b-9868-57a2d4851a1d" relativeResultsDirectory="0bde6058-1238-41a2-9806-8a0c45e5f7bc" />
    <UnitTestResult executionId="d16287a9-f9ae-45a6-9182-c72630777910" testId="e21d3cf5-9efa-da45-4610-ff4a88323b59" testName="Drasi.Reactions.PostDaprPubSub.Tests.QueryConfigTests.QueryConfig_FormatMode_CanBeSetToPacked" computerName="runnervmg1sw1" duration="00:00:00.0001639" startTime="2025-11-26T22:31:36.3046087+00:00" endTime="2025-11-26T22:31:36.3046088+00:00" testType="13cdc9d9-ddb5-4fa4-a97d-d965ccfc6d4b" outcome="Passed" testListId="8c84fa94-04c1-424b-9868-57a2d4851a1d" relativeResultsDirectory="d16287a9-f9ae-45a6-9182-c72630777910" />
    <UnitTestResult executionId="9e470217-2383-4d99-b2e1-b7087eaa1ec1" testId="9902f1f7-e4f9-9314-817c-93ba59066317" testName="Drasi.Reactions.PostDaprPubSub.Tests.HandlebarChangeFormatterTests.Constructor_NullTemplates_ThrowsArgumentNullException" computerName="runnervmg1sw1" duration="00:00:00.0001953" startTime="2025-11-26T22:31:36.5349075+00:00" endTime="2025-11-26T22:31:36.5349076+00:00" testType="13cdc9d9-ddb5-4fa4-a97d-d965ccfc6d4b" outcome="Passed" testListId="8c84fa94-04c1-424b-9868-57a2d4851a1d" relativeResultsDirectory="9e470217-2383-4d99-b2e1-b7087eaa1ec1" />
    <UnitTestResult executionId="1d2c1c3a-a40d-4598-a83b-1216324f3507" testId="ed0ec680-7940-573b-63d8-459b5d3767ea" testName="Drasi.Reactions.PostDaprPubSub.Tests.QueryConfigTests.QueryConfig_DefaultValues_ShouldBeCorrect" computerName="runnervmg1sw1" duration="00:00:00.0037874" startTime="2025-11-26T22:31:36.2975395+00:00" endTime="2025-11-26T22:31:36.2975778+00:00" testType="13cdc9d9-ddb5-4fa4-a97d-d965ccfc6d4b" outcome="Passed" testListId="8c84fa94-04c1-424b-9868-57a2d4851a1d" relativeResultsDirectory="1d2c1c3a-a40d-4598-a83b-1216324f3507" />
    <UnitTestResult executionId="19a07650-8230-4b99-b0aa-4d5c2ed90964" testId="3b66a596-fe2c-bc24-fac8-261a66af5309" testName="Drasi.Reactions.PostDaprPubSub.Tests.HandlebarChangeFormatterTests.Format_NoTemplateForChangeType_ReturnsEmptyForThatType" computerName="runnervmg1sw1" duration="00:00:00.0015079" startTime="2025-11-26T22:31:36.5185865+00:00" endTime="2025-11-26T22:31:36.5185866+00:00" testType="13cdc9d9-ddb5-4fa4-a97d-d965ccfc6d4b" outcome="Passed" testListId="8c84fa94-04c1-424b-9868-57a2d4851a1d" relativeResultsDirectory="19a07650-8230-4b99-b0aa-4d5c2ed90964" />
    <UnitTestResult executionId="cc70e780-1426-4213-9655-9fef04a163fd" testId="c63ce680-2c2e-6d11-962d-fbaf0646980f" testName="Drasi.Reactions.PostDaprPubSub.Tests.HandlebarChangeFormatterTests.Constructor_NullLogger_ThrowsArgumentNullException" computerName="runnervmg1sw1" duration="00:00:00.0004043" startTime="2025-11-26T22:31:36.5111525+00:00" endTime="2025-11-26T22:31:36.5111525+00:00" testType="13cdc9d9-ddb5-4fa4-a97d-d965ccfc6d4b" outcome="Passed" testListId="8c84fa94-04c1-424b-9868-57a2d4851a1d" relativeResultsDirectory="cc70e780-1426-4213-9655-9fef04a163fd" />
    <UnitTestResult executionId="a38c2125-a13a-460e-bb6a-999b3133729b" testId="0647e0eb-74c1-1a92-48ae-d6eb4f5fc000" testName="Drasi.Reactions.PostDaprPubSub.Tests.ControlSignalHandlerTests.HandleControlSignal_DifferentControlSignalTypes_FormatsCorrectly" computerName="runnervmg1sw1" duration="00:00:00.1530398" startTime="2025-11-26T22:31:36.4405589+00:00" endTime="2025-11-26T22:31:36.4405590+00:00" testType="13cdc9d9-ddb5-4fa4-a97d-d965ccfc6d4b" outcome="Passed" testListId="8c84fa94-04c1-424b-9868-57a2d4851a1d" relativeResultsDirectory="a38c2125-a13a-460e-bb6a-999b3133729b" />
    <UnitTestResult executionId="2ffcf8bc-c6e0-4ec9-a187-6b7d7b4c99fe" testId="ca25ff8a-88a4-ba3f-79a6-8406c4a4851c" testName="Drasi.Reactions.PostDaprPubSub.Tests.ChangeHandlerTests.HandleChange_PackedFormat_PublishesPackedEvent" computerName="runnervmg1sw1" duration="00:00:00.1322708" startTime="2025-11-26T22:31:36.4202073+00:00" endTime="2025-11-26T22:31:36.4202074+00:00" testType="13cdc9d9-ddb5-4fa4-a97d-d965ccfc6d4b" outcome="Passed" testListId="8c84fa94-04c1-424b-9868-57a2d4851a1d" relativeResultsDirectory="2ffcf8bc-c6e0-4ec9-a187-6b7d7b4c99fe" />
    <UnitTestResult executionId="2c948079-6575-4f06-9445-40492b954c25" testId="eeba28d4-3ec1-4758-03de-c55c2536883f" testName="Drasi.Reactions.PostDaprPubSub.Tests.ChangeFormatterTests.DrasiChangeFormatter_FormatAddedResults_ShouldReturnCorrectFormat" computerName="runnervmg1sw1" duration="00:00:00.0002977" startTime="2025-11-26T22:31:36.4333165+00:00" endTime="2025-11-26T22:31:36.4333166+00:00" testType="13cdc9d9-ddb5-4fa4-a97d-d965ccfc6d4b" outcome="Passed" testListId="8c84fa94-04c1-424b-9868-57a2d4851a1d" relativeResultsDirectory="2c948079-6575-4f06-9445-40492b954c25" />
    <UnitTestResult executionId="c61765f7-761d-45f3-9c77-0e34d071b444" testId="f6b75ca4-7e42-d5ff-e3f5-5bb23b5728ee" testName="Drasi.Reactions.PostDaprPubSub.Tests.ChangeFormatterTests.DrasiChangeFormatter_FormatEmptyChangeEvent_ShouldReturnEmptyCollection" computerName="runnervmg1sw1" duration="00:00:00.0005018" startTime="2025-11-26T22:31:36.4329619+00:00" endTime="2025-11-26T22:31:36.4329620+00:00" testType="13cdc9d9-ddb5-4fa4-a97d-d965ccfc6d4b" outcome="Passed" testListId="8c84fa94-04c1-424b-9868-57a2d4851a1d" relativeResultsDirectory="c61765f7-761d-45f3-9c77-0e34d071b444" />
  </Results>
  <TestDefinitions>
    <UnitTest name="Drasi.Reactions.PostDaprPubSub.Tests.ControlSignalHandlerTests.HandleControlSignal_UnpackedFormat_PublishesUnpackedEvent" storage="/home/runner/work/drasi-platform/drasi-platform/reactions/dapr/post-pubsub/drasi.reactions.postdaprpubsub.tests/bin/debug/net9.0/drasi.reactions.postdaprpubsub.tests.dll" id="c5af4e3e-0ae9-4739-481e-2fba006286b8">
      <Execution id="69b7aefc-d8b2-49ca-b850-33806ddc314e" />
      <TestMethod codeBase="/home/runner/work/drasi-platform/drasi-platform/reactions/dapr/post-pubsub/Drasi.Reactions.PostDaprPubSub.Tests/bin/Debug/net9.0/Drasi.Reactions.PostDaprPubSub.Tests.dll" adapterTypeName="executor://xunit/VsTestRunner2/netcoreapp" className="Drasi.Reactions.PostDaprPubSub.Tests.ControlSignalHandlerTests" name="HandleControlSignal_UnpackedFormat_PublishesUnpackedEvent" />
    </UnitTest>
    <UnitTest name="Drasi.Reactions.PostDaprPubSub.Tests.QueryConfigValidationServiceTests.ValidateQueryConfigsAsync_FirstQueryInvalid_StopsValidationAndTerminates" storage="/home/runner/work/drasi-platform/drasi-platform/reactions/dapr/post-pubsub/drasi.reactions.postdaprpubsub.tests/bin/debug/net9.0/drasi.reactions.postdaprpubsub.tests.dll" id="fffbcd02-d95c-82cc-caca-d1709e6b03bc">
      <Execution id="9866b543-39a3-4785-9593-283b8537f7b0" />
      <TestMethod codeBase="/home/runner/work/drasi-platform/drasi-platform/reactions/dapr/post-pubsub/Drasi.Reactions.PostDaprPubSub.Tests/bin/Debug/net9.0/Drasi.Reactions.PostDaprPubSub.Tests.dll" adapterTypeName="executor://xunit/VsTestRunner2/netcoreapp" className="Drasi.Reactions.PostDaprPubSub.Tests.QueryConfigValidationServiceTests" name="ValidateQueryConfigsAsync_FirstQueryInvalid_StopsValidationAndTerminates" />
    </UnitTest>
    <UnitTest name="Drasi.Reactions.PostDaprPubSub.Tests.ChangeHandlerTests.HandleChange_PublishFails_ThrowsException" storage="/home/runner/work/drasi-platform/drasi-platform/reactions/dapr/post-pubsub/drasi.reactions.postdaprpubsub.tests/bin/debug/net9.0/drasi.reactions.postdaprpubsub.tests.dll" id="23540331-e246-399c-9b8a-ca9811dc58a1">
      <Execution id="c6f111a5-724b-4bcd-b6b9-7e07e2901573" />
      <TestMethod codeBase="/home/runner/work/drasi-platform/drasi-platform/reactions/dapr/post-pubsub/Drasi.Reactions.PostDaprPubSub.Tests/bin/Debug/net9.0/Drasi.Reactions.PostDaprPubSub.Tests.dll" adapterTypeName="executor://xunit/VsTestRunner2/netcoreapp" className="Drasi.Reactions.PostDaprPubSub.Tests.ChangeHandlerTests" name="HandleChange_PublishFails_ThrowsException" />
    </UnitTest>
    <UnitTest name="Drasi.Reactions.PostDaprPubSub.Tests.ChangeFormatterTests.DrasiChangeFormatter_FormatDeletedResults_ShouldReturnCorrectFormat" storage="/home/runner/work/drasi-platform/drasi-platform/reactions/dapr/post-pubsub/drasi.reactions.postdaprpubsub.tests/bin/debug/net9.0/drasi.reactions.postdaprpubsub.tests.dll" id="16d164c0-fcfd-8d45-4ba6-fccae81767c7">
      <Execution id="0937e316-4d0c-4708-a2e4-bd7785b9ac38" />
      <TestMethod codeBase="/home/runner/work/drasi-platform/drasi-platform/reactions/dapr/post-pubsub/Drasi.Reactions.PostDaprPubSub.Tests/bin/Debug/net9.0/Drasi.Reactions.PostDaprPubSub.Tests.dll" adapterTypeName="executor://xunit/VsTestRunner2/netcoreapp" className="Drasi.Reactions.PostDaprPubSub.Tests.ChangeFormatterTests" name="DrasiChangeFormatter_FormatDeletedResults_ShouldReturnCorrectFormat" />
    </UnitTest>
    <UnitTest name="Drasi.Reactions.PostDaprPubSub.Tests.ControlSignalHandlerTests.HandleControlSignal_PublishFails_ThrowsException" storage="/home/runner/work/drasi-platform/drasi-platform/reactions/dapr/post-pubsub/drasi.reactions.postdaprpubsub.tests/bin/debug/net9.0/drasi.reactions.postdaprpubsub.tests.dll" id="425837e1-0554-12ef-b437-01c95af1d198">
      <Execution id="e897fda1-8611-4147-a319-9fa66958135a" />
      <TestMethod codeBase="/home/runner/work/drasi-platform/drasi-platform/reactions/dapr/post-pubsub/Drasi.Reactions.PostDaprPubSub.Tests/bin/Debug/net9.0/Drasi.Reactions.PostDaprPubSub.Tests.dll" adapterTypeName="executor://xunit/VsTestRunner2/netcoreapp" className="Drasi.Reactions.PostDaprPubSub.Tests.ControlSignalHandlerTests" name="HandleControlSignal_PublishFails_ThrowsException" />
    </UnitTest>
    <UnitTest name="Drasi.Reactions.PostDaprPubSub.Tests.ChangeHandlerTests.HandleChange_NullConfig_ThrowsArgumentNullException" storage="/home/runner/work/drasi-platform/drasi-platform/reactions/dapr/post-pubsub/drasi.reactions.postdaprpubsub.tests/bin/debug/net9.0/drasi.reactions.postdaprpubsub.tests.dll" id="e8e1aaab-eb79-4470-896f-bd2944396db8">
      <Execution id="30ebfc9d-0187-4d77-a6f9-4d058cd601b0" />
      <TestMethod codeBase="/home/runner/work/drasi-platform/drasi-platform/reactions/dapr/post-pubsub/Drasi.Reactions.PostDaprPubSub.Tests/bin/Debug/net9.0/Drasi.Reactions.PostDaprPubSub.Tests.dll" adapterTypeName="executor://xunit/VsTestRunner2/netcoreapp" className="Drasi.Reactions.PostDaprPubSub.Tests.ChangeHandlerTests" name="HandleChange_NullConfig_ThrowsArgumentNullException" />
    </UnitTest>
    <UnitTest name="Drasi.Reactions.PostDaprPubSub.Tests.DaprInitializationServiceTests.WaitForDaprSidecarAsync_Success_LogsInfoMessage" storage="/home/runner/work/drasi-platform/drasi-platform/reactions/dapr/post-pubsub/drasi.reactions.postdaprpubsub.tests/bin/debug/net9.0/drasi.reactions.postdaprpubsub.tests.dll" id="5529108a-3fb2-6e8d-ca67-0ac2bc6e8b51">
      <Execution id="11afd4ea-7639-473d-85cc-6632bf94af23" />
      <TestMethod codeBase="/home/runner/work/drasi-platform/drasi-platform/reactions/dapr/post-pubsub/Drasi.Reactions.PostDaprPubSub.Tests/bin/Debug/net9.0/Drasi.Reactions.PostDaprPubSub.Tests.dll" adapterTypeName="executor://xunit/VsTestRunner2/netcoreapp" className="Drasi.Reactions.PostDaprPubSub.Tests.DaprInitializationServiceTests" name="WaitForDaprSidecarAsync_Success_LogsInfoMessage" />
    </UnitTest>
    <UnitTest name="Drasi.Reactions.PostDaprPubSub.Tests.ControlSignalHandlerTests.HandleControlSignal_SkipControlSignals_DoesNotPublish" storage="/home/runner/work/drasi-platform/drasi-platform/reactions/dapr/post-pubsub/drasi.reactions.postdaprpubsub.tests/bin/debug/net9.0/drasi.reactions.postdaprpubsub.tests.dll" id="5464ff11-0b3b-938b-e16b-6831fae1caf5">
      <Execution id="22b7cac8-5002-4c1c-acf1-bad816681aa6" />
      <TestMethod codeBase="/home/runner/work/drasi-platform/drasi-platform/reactions/dapr/post-pubsub/Drasi.Reactions.PostDaprPubSub.Tests/bin/Debug/net9.0/Drasi.Reactions.PostDaprPubSub.Tests.dll" adapterTypeName="executor://xunit/VsTestRunner2/netcoreapp" className="Drasi.Reactions.PostDaprPubSub.Tests.ControlSignalHandlerTests" name="HandleControlSignal_SkipControlSignals_DoesNotPublish" />
    </UnitTest>
    <UnitTest name="Drasi.Reactions.PostDaprPubSub.Tests.ControlSignalHandlerTests.HandleControlSignal_NullConfig_ThrowsArgumentNullException" storage="/home/runner/work/drasi-platform/drasi-platform/reactions/dapr/post-pubsub/drasi.reactions.postdaprpubsub.tests/bin/debug/net9.0/drasi.reactions.postdaprpubsub.tests.dll" id="0cf5dae0-b7c4-bf50-ccfa-b4daf39608ac">
      <Execution id="a6a84a55-18de-4210-a195-a2ca9ca55464" />
      <TestMethod codeBase="/home/runner/work/drasi-platform/drasi-platform/reactions/dapr/post-pubsub/Drasi.Reactions.PostDaprPubSub.Tests/bin/Debug/net9.0/Drasi.Reactions.PostDaprPubSub.Tests.dll" adapterTypeName="executor://xunit/VsTestRunner2/netcoreapp" className="Drasi.Reactions.PostDaprPubSub.Tests.ControlSignalHandlerTests" name="HandleControlSignal_NullConfig_ThrowsArgumentNullException" />
    </UnitTest>
    <UnitTest name="Drasi.Reactions.PostDaprPubSub.Tests.QueryConfigValidationServiceTests.ValidateQueryConfigsAsync_ValidConfig_Succeeds" storage="/home/runner/work/drasi-platform/drasi-platform/reactions/dapr/post-pubsub/drasi.reactions.postdaprpubsub.tests/bin/debug/net9.0/drasi.reactions.postdaprpubsub.tests.dll" id="c1d9e2a0-2ac2-de19-4bf9-326404dc4894">
      <Execution id="04549c77-dd77-485e-8ca0-550cf4588553" />
      <TestMethod codeBase="/home/runner/work/drasi-platform/drasi-platform/reactions/dapr/post-pubsub/Drasi.Reactions.PostDaprPubSub.Tests/bin/Debug/net9.0/Drasi.Reactions.PostDaprPubSub.Tests.dll" adapterTypeName="executor://xunit/VsTestRunner2/netcoreapp" className="Drasi.Reactions.PostDaprPubSub.Tests.QueryConfigValidationServiceTests" name="ValidateQueryConfigsAsync_ValidConfig_Succeeds" />
    </UnitTest>
    <UnitTest name="Drasi.Reactions.PostDaprPubSub.Tests.ChangeFormatterTests.DrasiChangeFormatter_FormatUpdatedResults_ShouldReturnCorrectFormat" storage="/home/runner/work/drasi-platform/drasi-platform/reactions/dapr/post-pubsub/drasi.reactions.postdaprpubsub.tests/bin/debug/net9.0/drasi.reactions.postdaprpubsub.tests.dll" id="936ac4f3-f1fd-ac9e-b288-bd89fdb6625a">
      <Execution id="e4058149-eccf-4d44-84c4-7fbb851fa9b4" />
      <TestMethod codeBase="/home/runner/work/drasi-platform/drasi-platform/reactions/dapr/post-pubsub/Drasi.Reactions.PostDaprPubSub.Tests/bin/Debug/net9.0/Drasi.Reactions.PostDaprPubSub.Tests.dll" adapterTypeName="executor://xunit/VsTestRunner2/netcoreapp" className="Drasi.Reactions.PostDaprPubSub.Tests.ChangeFormatterTests" name="DrasiChangeFormatter_FormatUpdatedResults_ShouldReturnCorrectFormat" />
    </UnitTest>
    <UnitTest name="Drasi.Reactions.PostDaprPubSub.Tests.QueryConfigTests.ValidateConfig_EmptyTopicName_ShouldHaveError" storage="/home/runner/work/drasi-platform/drasi-platform/reactions/dapr/post-pubsub/drasi.reactions.postdaprpubsub.tests/bin/debug/net9.0/drasi.reactions.postdaprpubsub.tests.dll" id="cf2e0766-dbe6-a21c-1672-edb02e390c8f">
      <Execution id="57ad89c0-9b3a-42d4-9166-0daecaa557f4" />
      <TestMethod codeBase="/home/runner/work/drasi-platform/drasi-platform/reactions/dapr/post-pubsub/Drasi.Reactions.PostDaprPubSub.Tests/bin/Debug/net9.0/Drasi.Reactions.PostDaprPubSub.Tests.dll" adapterTypeName="executor://xunit/VsTestRunner2/netcoreapp" className="Drasi.Reactions.PostDaprPubSub.Tests.QueryConfigTests" name="ValidateConfig_EmptyTopicName_ShouldHaveError" />
    </UnitTest>
    <UnitTest name="Drasi.Reactions.PostDaprPubSub.Tests.ChangeFormatterTests.DrasiChangeFormatter_FormatAddedResults_ShouldReturnCorrectFormat" storage="/home/runner/work/drasi-platform/drasi-platform/reactions/dapr/post-pubsub/drasi.reactions.postdaprpubsub.tests/bin/debug/net9.0/drasi.reactions.postdaprpubsub.tests.dll" id="eeba28d4-3ec1-4758-03de-c55c2536883f">
      <Execution id="2c948079-6575-4f06-9445-40492b954c25" />
      <TestMethod codeBase="/home/runner/work/drasi-platform/drasi-platform/reactions/dapr/post-pubsub/Drasi.Reactions.PostDaprPubSub.Tests/bin/Debug/net9.0/Drasi.Reactions.PostDaprPubSub.Tests.dll" adapterTypeName="executor://xunit/VsTestRunner2/netcoreapp" className="Drasi.Reactions.PostDaprPubSub.Tests.ChangeFormatterTests" name="DrasiChangeFormatter_FormatAddedResults_ShouldReturnCorrectFormat" />
    </UnitTest>
    <UnitTest name="Drasi.Reactions.PostDaprPubSub.Tests.QueryConfigValidationServiceTests.ValidateQueryConfigsAsync_NoQueries_LogsWarningAndSucceeds" storage="/home/runner/work/drasi-platform/drasi-platform/reactions/dapr/post-pubsub/drasi.reactions.postdaprpubsub.tests/bin/debug/net9.0/drasi.reactions.postdaprpubsub.tests.dll" id="bc1ae41c-4d33-fe13-ea9d-5f5832333aef">
      <Execution id="952f5856-b6a2-4d1c-bfc5-cb4fbb1754a5" />
      <TestMethod codeBase="/home/runner/work/drasi-platform/drasi-platform/reactions/dapr/post-pubsub/Drasi.Reactions.PostDaprPubSub.Tests/bin/Debug/net9.0/Drasi.Reactions.PostDaprPubSub.Tests.dll" adapterTypeName="executor://xunit/VsTestRunner2/netcoreapp" className="Drasi.Reactions.PostDaprPubSub.Tests.QueryConfigValidationServiceTests" name="ValidateQueryConfigsAsync_NoQueries_LogsWarningAndSucceeds" />
    </UnitTest>
    <UnitTest name="Drasi.Reactions.PostDaprPubSub.Tests.QueryConfigTests.QueryConfig_FormatMode_DefaultIsUnpacked" storage="/home/runner/work/drasi-platform/drasi-platform/reactions/dapr/post-pubsub/drasi.reactions.postdaprpubsub.tests/bin/debug/net9.0/drasi.reactions.postdaprpubsub.tests.dll" id="b4bce090-0cb1-69d2-4298-e069deb27190">
      <Execution id="3bbf9428-b07c-49f4-b41f-67c087b0256c" />
      <TestMethod codeBase="/home/runner/work/drasi-platform/drasi-platform/reactions/dapr/post-pubsub/Drasi.Reactions.PostDaprPubSub.Tests/bin/Debug/net9.0/Drasi.Reactions.PostDaprPubSub.Tests.dll" adapterTypeName="executor://xunit/VsTestRunner2/netcoreapp" className="Drasi.Reactions.PostDaprPubSub.Tests.QueryConfigTests" name="QueryConfig_FormatMode_DefaultIsUnpacked" />
    </UnitTest>
    <UnitTest name="Drasi.Reactions.PostDaprPubSub.Tests.ChangeFormatterTests.ChangeFormatterFactory_GetFormatter_ShouldReturnDrasiFormatter" storage="/home/runner/work/drasi-platform/drasi-platform/reactions/dapr/post-pubsub/drasi.reactions.postdaprpubsub.tests/bin/debug/net9.0/drasi.reactions.postdaprpubsub.tests.dll" id="d3405e7b-aef3-6311-6ad1-a6a8902c5fb7">
      <Execution id="f5143558-de20-4adc-85d4-e5457ccbd692" />
      <TestMethod codeBase="/home/runner/work/drasi-platform/drasi-platform/reactions/dapr/post-pubsub/Drasi.Reactions.PostDaprPubSub.Tests/bin/Debug/net9.0/Drasi.Reactions.PostDaprPubSub.Tests.dll" adapterTypeName="executor://xunit/VsTestRunner2/netcoreapp" className="Drasi.Reactions.PostDaprPubSub.Tests.ChangeFormatterTests" name="ChangeFormatterFactory_GetFormatter_ShouldReturnDrasiFormatter" />
    </UnitTest>
    <UnitTest name="Drasi.Reactions.PostDaprPubSub.Tests.HandlebarChangeFormatterTests.Format_MultipleAddedResults_FormatsAll" storage="/home/runner/work/drasi-platform/drasi-platform/reactions/dapr/post-pubsub/drasi.reactions.postdaprpubsub.tests/bin/debug/net9.0/drasi.reactions.postdaprpubsub.tests.dll" id="9cb056ed-2115-02b5-2fb4-823a4207cd0b">
      <Execution id="8d6541ed-6571-49e2-aca7-200bf0379437" />
      <TestMethod codeBase="/home/runner/work/drasi-platform/drasi-platform/reactions/dapr/post-pubsub/Drasi.Reactions.PostDaprPubSub.Tests/bin/Debug/net9.0/Drasi.Reactions.PostDaprPubSub.Tests.dll" adapterTypeName="executor://xunit/VsTestRunner2/netcoreapp" className="Drasi.Reactions.PostDaprPubSub.Tests.HandlebarChangeFormatterTests" name="Format_MultipleAddedResults_FormatsAll" />
    </UnitTest>
    <UnitTest name="Drasi.Reactions.PostDaprPubSub.Tests.ControlSignalHandlerTests.HandleControlSignal_PackedFormat_PublishesPackedEvent" storage="/home/runner/work/drasi-platform/drasi-platform/reactions/dapr/post-pubsub/drasi.reactions.postdaprpubsub.tests/bin/debug/net9.0/drasi.reactions.postdaprpubsub.tests.dll" id="24c95512-85ad-64a8-4e05-956b1963028a">
      <Execution id="d042f4bc-3a41-45c5-ad62-6114e3abcc08" />
      <TestMethod codeBase="/home/runner/work/drasi-platform/drasi-platform/reactions/dapr/post-pubsub/Drasi.Reactions.PostDaprPubSub.Tests/bin/Debug/net9.0/Drasi.Reactions.PostDaprPubSub.Tests.dll" adapterTypeName="executor://xunit/VsTestRunner2/netcoreapp" className="Drasi.Reactions.PostDaprPubSub.Tests.ControlSignalHandlerTests" name="HandleControlSignal_PackedFormat_PublishesPackedEvent" />
    </UnitTest>
    <UnitTest name="Drasi.Reactions.PostDaprPubSub.Tests.ChangeFormatterTests.DrasiChangeFormatter_FormatMultipleResults_ShouldReturnCorrectCount" storage="/home/runner/work/drasi-platform/drasi-platform/reactions/dapr/post-pubsub/drasi.reactions.postdaprpubsub.tests/bin/debug/net9.0/drasi.reactions.postdaprpubsub.tests.dll" id="c2aa9d68-546f-7bb9-2fc0-35e7abc29e4c">
      <Execution id="8da26ff3-ddd0-446f-a503-9aca48a6b23e" />
      <TestMethod codeBase="/home/runner/work/drasi-platform/drasi-platform/reactions/dapr/post-pubsub/Drasi.Reactions.PostDaprPubSub.Tests/bin/Debug/net9.0/Drasi.Reactions.PostDaprPubSub.Tests.dll" adapterTypeName="executor://xunit/VsTestRunner2/netcoreapp" className="Drasi.Reactions.PostDaprPubSub.Tests.ChangeFormatterTests" name="DrasiChangeFormatter_FormatMultipleResults_ShouldReturnCorrectCount" />
    </UnitTest>
    <UnitTest name="Drasi.Reactions.PostDaprPubSub.Tests.ChangeHandlerTests.HandleChange_PackedFormat_PublishesPackedEvent" storage="/home/runner/work/drasi-platform/drasi-platform/reactions/dapr/post-pubsub/drasi.reactions.postdaprpubsub.tests/bin/debug/net9.0/drasi.reactions.postdaprpubsub.tests.dll" id="ca25ff8a-88a4-ba3f-79a6-8406c4a4851c">
      <Execution id="2ffcf8bc-c6e0-4ec9-a187-6b7d7b4c99fe" />
      <TestMethod codeBase="/home/runner/work/drasi-platform/drasi-platform/reactions/dapr/post-pubsub/Drasi.Reactions.PostDaprPubSub.Tests/bin/Debug/net9.0/Drasi.Reactions.PostDaprPubSub.Tests.dll" adapterTypeName="executor://xunit/VsTestRunner2/netcoreapp" className="Drasi.Reactions.PostDaprPubSub.Tests.ChangeHandlerTests" name="HandleChange_PackedFormat_PublishesPackedEvent" />
    </UnitTest>
    <UnitTest name="Drasi.Reactions.PostDaprPubSub.Tests.HandlebarChangeFormatterTests.Constructor_NullTemplates_ThrowsArgumentNullException" storage="/home/runner/work/drasi-platform/drasi-platform/reactions/dapr/post-pubsub/drasi.reactions.postdaprpubsub.tests/bin/debug/net9.0/drasi.reactions.postdaprpubsub.tests.dll" id="9902f1f7-e4f9-9314-817c-93ba59066317">
      <Execution id="9e470217-2383-4d99-b2e1-b7087eaa1ec1" />
      <TestMethod codeBase="/home/runner/work/drasi-platform/drasi-platform/reactions/dapr/post-pubsub/Drasi.Reactions.PostDaprPubSub.Tests/bin/Debug/net9.0/Drasi.Reactions.PostDaprPubSub.Tests.dll" adapterTypeName="executor://xunit/VsTestRunner2/netcoreapp" className="Drasi.Reactions.PostDaprPubSub.Tests.HandlebarChangeFormatterTests" name="Constructor_NullTemplates_ThrowsArgumentNullException" />
    </UnitTest>
    <UnitTest name="Drasi.Reactions.PostDaprPubSub.Tests.ErrorStateHandlerTests.Terminate_CallsTerminateWithError" storage="/home/runner/work/drasi-platform/drasi-platform/reactions/dapr/post-pubsub/drasi.reactions.postdaprpubsub.tests/bin/debug/net9.0/drasi.reactions.postdaprpubsub.tests.dll" id="e2d85402-6144-2f75-d5e9-b3979be70eae">
      <Execution id="705dfe6a-fcf6-4a5e-9e25-cf73a80b32f1" />
      <TestMethod codeBase="/home/runner/work/drasi-platform/drasi-platform/reactions/dapr/post-pubsub/Drasi.Reactions.PostDaprPubSub.Tests/bin/Debug/net9.0/Drasi.Reactions.PostDaprPubSub.Tests.dll" adapterTypeName="executor://xunit/VsTestRunner2/netcoreapp" className="Drasi.Reactions.PostDaprPubSub.Tests.ErrorStateHandlerTests" name="Terminate_CallsTerminateWithError" />
    </UnitTest>
    <UnitTest name="Drasi.Reactions.PostDaprPubSub.Tests.ChangeHandlerTests.HandleChange_UnpackedFormat_PublishesUnpackedEvents" storage="/home/runner/work/drasi-platform/drasi-platform/reactions/dapr/post-pubsub/drasi.reactions.postdaprpubsub.tests/bin/debug/net9.0/drasi.reactions.postdaprpubsub.tests.dll" id="7688b0d8-5bc7-3b99-070d-4b66e4dc6ea2">
      <Execution id="0dfa17ea-16e4-42b7-90ab-e6a03a09e58a" />
      <TestMethod codeBase="/home/runner/work/drasi-platform/drasi-platform/reactions/dapr/post-pubsub/Drasi.Reactions.PostDaprPubSub.Tests/bin/Debug/net9.0/Drasi.Reactions.PostDaprPubSub.Tests.dll" adapterTypeName="executor://xunit/VsTestRunner2/netcoreapp" className="Drasi.Reactions.PostDaprPubSub.Tests.ChangeHandlerTests" name="HandleChange_UnpackedFormat_PublishesUnpackedEvents" />
    </UnitTest>
    <UnitTest name="Drasi.Reactions.PostDaprPubSub.Tests.DaprInitializationServiceTests.WaitForDaprSidecarAsync_DaprException_TerminatesAndRethrows" storage="/home/runner/work/drasi-platform/drasi-platform/reactions/dapr/post-pubsub/drasi.reactions.postdaprpubsub.tests/bin/debug/net9.0/drasi.reactions.postdaprpubsub.tests.dll" id="07fdafc7-75b6-dc8b-b23e-74a093f78d3a">
      <Execution id="93c32bbe-fb66-45fa-8d79-077d20b3b6af" />
      <TestMethod codeBase="/home/runner/work/drasi-platform/drasi-platform/reactions/dapr/post-pubsub/Drasi.Reactions.PostDaprPubSub.Tests/bin/Debug/net9.0/Drasi.Reactions.PostDaprPubSub.Tests.dll" adapterTypeName="executor://xunit/VsTestRunner2/netcoreapp" className="Drasi.Reactions.PostDaprPubSub.Tests.DaprInitializationServiceTests" name="WaitForDaprSidecarAsync_DaprException_TerminatesAndRethrows" />
    </UnitTest>
    <UnitTest name="Drasi.Reactions.PostDaprPubSub.Tests.HandlebarChangeFormatterTests.Format_QueryIdInTemplate_IncludesQueryId" storage="/home/runner/work/drasi-platform/drasi-platform/reactions/dapr/post-pubsub/drasi.reactions.postdaprpubsub.tests/bin/debug/net9.0/drasi.reactions.postdaprpubsub.tests.dll" id="d6a8330b-be93-d610-a784-d620841ceab4">
      <Execution id="4f1d6ca2-e854-4831-88ea-d3b6b398f4ba" />
      <TestMethod codeBase="/home/runner/work/drasi-platform/drasi-platform/reactions/dapr/post-pubsub/Drasi.Reactions.PostDaprPubSub.Tests/bin/Debug/net9.0/Drasi.Reactions.PostDaprPubSub.Tests.dll" adapterTypeName="executor://xunit/VsTestRunner2/netcoreapp" className="Drasi.Reactions.PostDaprPubSub.Tests.HandlebarChangeFormatterTests" name="Format_QueryIdInTemplate_IncludesQueryId" />
    </UnitTest>
    <UnitTest name="Drasi.Reactions.PostDaprPubSub.Tests.ChangeHandlerTests.HandleChange_MultipleUnpackedEvents_PublishesEachEvent" storage="/home/runner/work/drasi-platform/drasi-platform/reactions/dapr/post-pubsub/drasi.reactions.postdaprpubsub.tests/bin/debug/net9.0/drasi.reactions.postdaprpubsub.tests.dll" id="fe55149d-9a11-a0f9-d89a-5ec8c20c5ebc">
      <Execution id="f26c8ea1-13c1-49e3-990f-2d2cd02e96e3" />
      <TestMethod codeBase="/home/runner/work/drasi-platform/drasi-platform/reactions/dapr/post-pubsub/Drasi.Reactions.PostDaprPubSub.Tests/bin/Debug/net9.0/Drasi.Reactions.PostDaprPubSub.Tests.dll" adapterTypeName="executor://xunit/VsTestRunner2/netcoreapp" className="Drasi.Reactions.PostDaprPubSub.Tests.ChangeHandlerTests" name="HandleChange_MultipleUnpackedEvents_PublishesEachEvent" />
    </UnitTest>
    <UnitTest name="Drasi.Reactions.PostDaprPubSub.Tests.DaprInitializationServiceTests.WaitForDaprSidecarAsync_Cancelled_DoesNotCallTerminate" storage="/home/runner/work/drasi-platform/drasi-platform/reactions/dapr/post-pubsub/drasi.reactions.postdaprpubsub.tests/bin/debug/net9.0/drasi.reactions.postdaprpubsub.tests.dll" id="eaa9352c-e56d-bccb-7ebd-c86cb231c82e">
      <Execution id="aad9cb50-c283-4545-9070-cee297e7c43b" />
      <TestMethod codeBase="/home/runner/work/drasi-platform/drasi-platform/reactions/dapr/post-pubsub/Drasi.Reactions.PostDaprPubSub.Tests/bin/Debug/net9.0/Drasi.Reactions.PostDaprPubSub.Tests.dll" adapterTypeName="executor://xunit/VsTestRunner2/netcoreapp" className="Drasi.Reactions.PostDaprPubSub.Tests.DaprInitializationServiceTests" name="WaitForDaprSidecarAsync_Cancelled_DoesNotCallTerminate" />
    </UnitTest>
    <UnitTest name="Drasi.Reactions.PostDaprPubSub.Tests.HandlebarChangeFormatterTests.Format_InvalidJsonTemplate_LogsErrorAndContinues" storage="/home/runner/work/drasi-platform/drasi-platform/reactions/dapr/post-pubsub/drasi.reactions.postdaprpubsub.tests/bin/debug/net9.0/drasi.reactions.postdaprpubsub.tests.dll" id="37573cbb-dc99-70e3-62cd-c8fb658f83d7">
      <Execution id="cb1f8b6d-ece8-4992-ab0c-f139b3ea8112" />
      <TestMethod codeBase="/home/runner/work/drasi-platform/drasi-platform/reactions/dapr/post-pubsub/Drasi.Reactions.PostDaprPubSub.Tests/bin/Debug/net9.0/Drasi.Reactions.PostDaprPubSub.Tests.dll" adapterTypeName="executor://xunit/VsTestRunner2/netcoreapp" className="Drasi.Reactions.PostDaprPubSub.Tests.HandlebarChangeFormatterTests" name="Format_InvalidJsonTemplate_LogsErrorAndContinues" />
    </UnitTest>
    <UnitTest name="Drasi.Reactions.PostDaprPubSub.Tests.QueryConfigTests.ValidateConfig_ValidConfiguration_ShouldHaveNoErrors" storage="/home/runner/work/drasi-platform/drasi-platform/reactions/dapr/post-pubsub/drasi.reactions.postdaprpubsub.tests/bin/debug/net9.0/drasi.reactions.postdaprpubsub.tests.dll" id="38ea7cc3-6117-dec5-6a2b-976f60e564a2">
      <Execution id="ec9e623f-e5e4-43f1-838e-cb0228c445f8" />
      <TestMethod codeBase="/home/runner/work/drasi-platform/drasi-platform/reactions/dapr/post-pubsub/Drasi.Reactions.PostDaprPubSub.Tests/bin/Debug/net9.0/Drasi.Reactions.PostDaprPubSub.Tests.dll" adapterTypeName="executor://xunit/VsTestRunner2/netcoreapp" className="Drasi.Reactions.PostDaprPubSub.Tests.QueryConfigTests" name="ValidateConfig_ValidConfiguration_ShouldHaveNoErrors" />
    </UnitTest>
    <UnitTest name="Drasi.Reactions.PostDaprPubSub.Tests.HandlebarChangeFormatterTests.Constructor_NullLogger_ThrowsArgumentNullException" storage="/home/runner/work/drasi-platform/drasi-platform/reactions/dapr/post-pubsub/drasi.reactions.postdaprpubsub.tests/bin/debug/net9.0/drasi.reactions.postdaprpubsub.tests.dll" id="c63ce680-2c2e-6d11-962d-fbaf0646980f">
      <Execution id="cc70e780-1426-4213-9655-9fef04a163fd" />
      <TestMethod codeBase="/home/runner/work/drasi-platform/drasi-platform/reactions/dapr/post-pubsub/Drasi.Reactions.PostDaprPubSub.Tests/bin/Debug/net9.0/Drasi.Reactions.PostDaprPubSub.Tests.dll" adapterTypeName="executor://xunit/VsTestRunner2/netcoreapp" className="Drasi.Reactions.PostDaprPubSub.Tests.HandlebarChangeFormatterTests" name="Constructor_NullLogger_ThrowsArgumentNullException" />
    </UnitTest>
    <UnitTest name="Drasi.Reactions.PostDaprPubSub.Tests.DaprInitializationServiceTests.WaitForDaprSidecarAsync_OtherException_TerminatesAndRethrows" storage="/home/runner/work/drasi-platform/drasi-platform/reactions/dapr/post-pubsub/drasi.reactions.postdaprpubsub.tests/bin/debug/net9.0/drasi.reactions.postdaprpubsub.tests.dll" id="3476cddb-751f-dbbb-430f-10232721d494">
      <Execution id="40e90134-6ce2-4f28-8729-086d645262f4" />
      <TestMethod codeBase="/home/runner/work/drasi-platform/drasi-platform/reactions/dapr/post-pubsub/Drasi.Reactions.PostDaprPubSub.Tests/bin/Debug/net9.0/Drasi.Reactions.PostDaprPubSub.Tests.dll" adapterTypeName="executor://xunit/VsTestRunner2/netcoreapp" className="Drasi.Reactions.PostDaprPubSub.Tests.DaprInitializationServiceTests" name="WaitForDaprSidecarAsync_OtherException_TerminatesAndRethrows" />
    </UnitTest>
    <UnitTest name="Drasi.Reactions.PostDaprPubSub.Tests.QueryConfigTests.ValidateConfig_EmptyPubsubName_ShouldHaveError" storage="/home/runner/work/drasi-platform/drasi-platform/reactions/dapr/post-pubsub/drasi.reactions.postdaprpubsub.tests/bin/debug/net9.0/drasi.reactions.postdaprpubsub.tests.dll" id="3e2ec2d1-2242-4333-d694-d8d0a9a7dcbd">
      <Execution id="7d637159-ecaa-4e3c-b44d-3d9411ee5b32" />
      <TestMethod codeBase="/home/runner/work/drasi-platform/drasi-platform/reactions/dapr/post-pubsub/Drasi.Reactions.PostDaprPubSub.Tests/bin/Debug/net9.0/Drasi.Reactions.PostDaprPubSub.Tests.dll" adapterTypeName="executor://xunit/VsTestRunner2/netcoreapp" className="Drasi.Reactions.PostDaprPubSub.Tests.QueryConfigTests" name="ValidateConfig_EmptyPubsubName_ShouldHaveError" />
    </UnitTest>
    <UnitTest name="Drasi.Reactions.PostDaprPubSub.Tests.HandlebarChangeFormatterTests.Format_AddedTemplate_FormatsAddedResults" storage="/home/runner/work/drasi-platform/drasi-platform/reactions/dapr/post-pubsub/drasi.reactions.postdaprpubsub.tests/bin/debug/net9.0/drasi.reactions.postdaprpubsub.tests.dll" id="c5e94c7b-2a71-e38d-7780-903bdbedfdf9">
      <Execution id="f1ed39f1-11cc-415c-90e4-bd50378b0ec6" />
      <TestMethod codeBase="/home/runner/work/drasi-platform/drasi-platform/reactions/dapr/post-pubsub/Drasi.Reactions.PostDaprPubSub.Tests/bin/Debug/net9.0/Drasi.Reactions.PostDaprPubSub.Tests.dll" adapterTypeName="executor://xunit/VsTestRunner2/netcoreapp" className="Drasi.Reactions.PostDaprPubSub.Tests.HandlebarChangeFormatterTests" name="Format_AddedTemplate_FormatsAddedResults" />
    </UnitTest>
    <UnitTest name="Drasi.Reactions.PostDaprPubSub.Tests.HandlebarChangeFormatterTests.Format_DeletedTemplate_FormatsDeletedResults" storage="/home/runner/work/drasi-platform/drasi-platform/reactions/dapr/post-pubsub/drasi.reactions.postdaprpubsub.tests/bin/debug/net9.0/drasi.reactions.postdaprpubsub.tests.dll" id="d180d2fb-0217-e451-4e93-8cc07f7355b2">
      <Execution id="98435991-549d-49fb-86e1-4c084559d730" />
      <TestMethod codeBase="/home/runner/work/drasi-platform/drasi-platform/reactions/dapr/post-pubsub/Drasi.Reactions.PostDaprPubSub.Tests/bin/Debug/net9.0/Drasi.Reactions.PostDaprPubSub.Tests.dll" adapterTypeName="executor://xunit/VsTestRunner2/netcoreapp" className="Drasi.Reactions.PostDaprPubSub.Tests.HandlebarChangeFormatterTests" name="Format_DeletedTemplate_FormatsDeletedResults" />
    </UnitTest>
    <UnitTest name="Drasi.Reactions.PostDaprPubSub.Tests.QueryConfigTests.QueryConfig_FormatMode_CanBeSetToPacked" storage="/home/runner/work/drasi-platform/drasi-platform/reactions/dapr/post-pubsub/drasi.reactions.postdaprpubsub.tests/bin/debug/net9.0/drasi.reactions.postdaprpubsub.tests.dll" id="e21d3cf5-9efa-da45-4610-ff4a88323b59">
      <Execution id="d16287a9-f9ae-45a6-9182-c72630777910" />
      <TestMethod codeBase="/home/runner/work/drasi-platform/drasi-platform/reactions/dapr/post-pubsub/Drasi.Reactions.PostDaprPubSub.Tests/bin/Debug/net9.0/Drasi.Reactions.PostDaprPubSub.Tests.dll" adapterTypeName="executor://xunit/VsTestRunner2/netcoreapp" className="Drasi.Reactions.PostDaprPubSub.Tests.QueryConfigTests" name="QueryConfig_FormatMode_CanBeSetToPacked" />
    </UnitTest>
    <UnitTest name="Drasi.Reactions.PostDaprPubSub.Tests.QueryConfigValidationServiceTests.ValidateQueryConfigsAsync_MultipleQueries_ValidatesAll" storage="/home/runner/work/drasi-platform/drasi-platform/reactions/dapr/post-pubsub/drasi.reactions.postdaprpubsub.tests/bin/debug/net9.0/drasi.reactions.postdaprpubsub.tests.dll" id="6ed7af5b-5223-b7ca-9630-d0d748c360af">
      <Execution id="69c652eb-7b1e-47b7-9741-6bdf620538e6" />
      <TestMethod codeBase="/home/runner/work/drasi-platform/drasi-platform/reactions/dapr/post-pubsub/Drasi.Reactions.PostDaprPubSub.Tests/bin/Debug/net9.0/Drasi.Reactions.PostDaprPubSub.Tests.dll" adapterTypeName="executor://xunit/VsTestRunner2/netcoreapp" className="Drasi.Reactions.PostDaprPubSub.Tests.QueryConfigValidationServiceTests" name="ValidateQueryConfigsAsync_MultipleQueries_ValidatesAll" />
    </UnitTest>
    <UnitTest name="Drasi.Reactions.PostDaprPubSub.Tests.HandlebarChangeFormatterTests.Format_EmptyEvent_ReturnsEmptyCollection" storage="/home/runner/work/drasi-platform/drasi-platform/reactions/dapr/post-pubsub/drasi.reactions.postdaprpubsub.tests/bin/debug/net9.0/drasi.reactions.postdaprpubsub.tests.dll" id="b3d2948b-5e96-93c5-e37f-2211d61a9817">
      <Execution id="a20bf32a-5522-43dd-afd9-91905a1726d0" />
      <TestMethod codeBase="/home/runner/work/drasi-platform/drasi-platform/reactions/dapr/post-pubsub/Drasi.Reactions.PostDaprPubSub.Tests/bin/Debug/net9.0/Drasi.Reactions.PostDaprPubSub.Tests.dll" adapterTypeName="executor://xunit/VsTestRunner2/netcoreapp" className="Drasi.Reactions.PostDaprPubSub.Tests.HandlebarChangeFormatterTests" name="Format_EmptyEvent_ReturnsEmptyCollection" />
    </UnitTest>
    <UnitTest name="Drasi.Reactions.PostDaprPubSub.Tests.ControlSignalHandlerTests.HandleControlSignal_DifferentControlSignalTypes_FormatsCorrectly" storage="/home/runner/work/drasi-platform/drasi-platform/reactions/dapr/post-pubsub/drasi.reactions.postdaprpubsub.tests/bin/debug/net9.0/drasi.reactions.postdaprpubsub.tests.dll" id="0647e0eb-74c1-1a92-48ae-d6eb4f5fc000">
      <Execution id="a38c2125-a13a-460e-bb6a-999b3133729b" />
      <TestMethod codeBase="/home/runner/work/drasi-platform/drasi-platform/reactions/dapr/post-pubsub/Drasi.Reactions.PostDaprPubSub.Tests/bin/Debug/net9.0/Drasi.Reactions.PostDaprPubSub.Tests.dll" adapterTypeName="executor://xunit/VsTestRunner2/netcoreapp" className="Drasi.Reactions.PostDaprPubSub.Tests.ControlSignalHandlerTests" name="HandleControlSignal_DifferentControlSignalTypes_FormatsCorrectly" />
    </UnitTest>
    <UnitTest name="Drasi.Reactions.PostDaprPubSub.Tests.QueryConfigTests.QueryConfig_DefaultValues_ShouldBeCorrect" storage="/home/runner/work/drasi-platform/drasi-platform/reactions/dapr/post-pubsub/drasi.reactions.postdaprpubsub.tests/bin/debug/net9.0/drasi.reactions.postdaprpubsub.tests.dll" id="ed0ec680-7940-573b-63d8-459b5d3767ea">
      <Execution id="1d2c1c3a-a40d-4598-a83b-1216324f3507" />
      <TestMethod codeBase="/home/runner/work/drasi-platform/drasi-platform/reactions/dapr/post-pubsub/Drasi.Reactions.PostDaprPubSub.Tests/bin/Debug/net9.0/Drasi.Reactions.PostDaprPubSub.Tests.dll" adapterTypeName="executor://xunit/VsTestRunner2/netcoreapp" className="Drasi.Reactions.PostDaprPubSub.Tests.QueryConfigTests" name="QueryConfig_DefaultValues_ShouldBeCorrect" />
    </UnitTest>
    <UnitTest name="Drasi.Reactions.PostDaprPubSub.Tests.HandlebarChangeFormatterTests.Constructor_NullQueryId_ThrowsArgumentNullException" storage="/home/runner/work/drasi-platform/drasi-platform/reactions/dapr/post-pubsub/drasi.reactions.postdaprpubsub.tests/bin/debug/net9.0/drasi.reactions.postdaprpubsub.tests.dll" id="1a145d35-ecdf-a9d0-5449-252a5362cea7">
      <Execution id="0bde6058-1238-41a2-9806-8a0c45e5f7bc" />
      <TestMethod codeBase="/home/runner/work/drasi-platform/drasi-platform/reactions/dapr/post-pubsub/Drasi.Reactions.PostDaprPubSub.Tests/bin/Debug/net9.0/Drasi.Reactions.PostDaprPubSub.Tests.dll" adapterTypeName="executor://xunit/VsTestRunner2/netcoreapp" className="Drasi.Reactions.PostDaprPubSub.Tests.HandlebarChangeFormatterTests" name="Constructor_NullQueryId_ThrowsArgumentNullException" />
    </UnitTest>
    <UnitTest name="Drasi.Reactions.PostDaprPubSub.Tests.QueryConfigValidationServiceTests.ValidateQueryConfigsAsync_InvalidConfig_TerminatesWithError" storage="/home/runner/work/drasi-platform/drasi-platform/reactions/dapr/post-pubsub/drasi.reactions.postdaprpubsub.tests/bin/debug/net9.0/drasi.reactions.postdaprpubsub.tests.dll" id="34582b26-0560-05b7-cc28-19d055f31b6b">
      <Execution id="3e3f3075-d6dd-4cf8-9906-326cedcfe6f2" />
      <TestMethod codeBase="/home/runner/work/drasi-platform/drasi-platform/reactions/dapr/post-pubsub/Drasi.Reactions.PostDaprPubSub.Tests/bin/Debug/net9.0/Drasi.Reactions.PostDaprPubSub.Tests.dll" adapterTypeName="executor://xunit/VsTestRunner2/netcoreapp" className="Drasi.Reactions.PostDaprPubSub.Tests.QueryConfigValidationServiceTests" name="ValidateQueryConfigsAsync_InvalidConfig_TerminatesWithError" />
    </UnitTest>
    <UnitTest name="Drasi.Reactions.PostDaprPubSub.Tests.ChangeFormatterTests.DrasiChangeFormatter_FormatEmptyChangeEvent_ShouldReturnEmptyCollection" storage="/home/runner/work/drasi-platform/drasi-platform/reactions/dapr/post-pubsub/drasi.reactions.postdaprpubsub.tests/bin/debug/net9.0/drasi.reactions.postdaprpubsub.tests.dll" id="f6b75ca4-7e42-d5ff-e3f5-5bb23b5728ee">
      <Execution id="c61765f7-761d-45f3-9c77-0e34d071b444" />
      <TestMethod codeBase="/home/runner/work/drasi-platform/drasi-platform/reactions/dapr/post-pubsub/Drasi.Reactions.PostDaprPubSub.Tests/bin/Debug/net9.0/Drasi.Reactions.PostDaprPubSub.Tests.dll" adapterTypeName="executor://xunit/VsTestRunner2/netcoreapp" className="Drasi.Reactions.PostDaprPubSub.Tests.ChangeFormatterTests" name="DrasiChangeFormatter_FormatEmptyChangeEvent_ShouldReturnEmptyCollection" />
    </UnitTest>
    <UnitTest name="Drasi.Reactions.PostDaprPubSub.Tests.HandlebarChangeFormatterTests.Format_UpdatedTemplate_FormatsUpdatedResults" storage="/home/runner/work/drasi-platform/drasi-platform/reactions/dapr/post-pubsub/drasi.reactions.postdaprpubsub.tests/bin/debug/net9.0/drasi.reactions.postdaprpubsub.tests.dll" id="cdc62f13-b04b-5a35-f6e8-08f521e54efe">
      <Execution id="2b94703e-6114-48e3-8da7-e2f96a09fbb0" />
      <TestMethod codeBase="/home/runner/work/drasi-platform/drasi-platform/reactions/dapr/post-pubsub/Drasi.Reactions.PostDaprPubSub.Tests/bin/Debug/net9.0/Drasi.Reactions.PostDaprPubSub.Tests.dll" adapterTypeName="executor://xunit/VsTestRunner2/netcoreapp" className="Drasi.Reactions.PostDaprPubSub.Tests.HandlebarChangeFormatterTests" name="Format_UpdatedTemplate_FormatsUpdatedResults" />
    </UnitTest>
    <UnitTest name="Drasi.Reactions.PostDaprPubSub.Tests.HandlebarChangeFormatterTests.Format_AllTemplatesConfigured_FormatsAllTypes" storage="/home/runner/work/drasi-platform/drasi-platform/reactions/dapr/post-pubsub/drasi.reactions.postdaprpubsub.tests/bin/debug/net9.0/drasi.reactions.postdaprpubsub.tests.dll" id="66b1ad1b-6b97-1257-c837-63c6b4850002">
      <Execution id="71f19420-488c-4783-bcc0-6fa7cb64abec" />
      <TestMethod codeBase="/home/runner/work/drasi-platform/drasi-platform/reactions/dapr/post-pubsub/Drasi.Reactions.PostDaprPubSub.Tests/bin/Debug/net9.0/Drasi.Reactions.PostDaprPubSub.Tests.dll" adapterTypeName="executor://xunit/VsTestRunner2/netcoreapp" className="Drasi.Reactions.PostDaprPubSub.Tests.HandlebarChangeFormatterTests" name="Format_AllTemplatesConfigured_FormatsAllTypes" />
    </UnitTest>
    <UnitTest name="Drasi.Reactions.PostDaprPubSub.Tests.HandlebarChangeFormatterTests.Format_NoTemplateForChangeType_ReturnsEmptyForThatType" storage="/home/runner/work/drasi-platform/drasi-platform/reactions/dapr/post-pubsub/drasi.reactions.postdaprpubsub.tests/bin/debug/net9.0/drasi.reactions.postdaprpubsub.tests.dll" id="3b66a596-fe2c-bc24-fac8-261a66af5309">
      <Execution id="19a07650-8230-4b99-b0aa-4d5c2ed90964" />
      <TestMethod codeBase="/home/runner/work/drasi-platform/drasi-platform/reactions/dapr/post-pubsub/Drasi.Reactions.PostDaprPubSub.Tests/bin/Debug/net9.0/Drasi.Reactions.PostDaprPubSub.Tests.dll" adapterTypeName="executor://xunit/VsTestRunner2/netcoreapp" className="Drasi.Reactions.PostDaprPubSub.Tests.HandlebarChangeFormatterTests" name="Format_NoTemplateForChangeType_ReturnsEmptyForThatType" />
    </UnitTest>
    <UnitTest name="Drasi.Reactions.PostDaprPubSub.Tests.QueryConfigValidationServiceTests.ValidateQueryConfigsAsync_NullQueryConfig_TerminatesWithError" storage="/home/runner/work/drasi-platform/drasi-platform/reactions/dapr/post-pubsub/drasi.reactions.postdaprpubsub.tests/bin/debug/net9.0/drasi.reactions.postdaprpubsub.tests.dll" id="20ffe6a0-2a07-4414-25a8-2c20d6967970">
      <Execution id="7c282fbf-148e-4a14-a424-c48de5a1fedd" />
      <TestMethod codeBase="/home/runner/work/drasi-platform/drasi-platform/reactions/dapr/post-pubsub/Drasi.Reactions.PostDaprPubSub.Tests/bin/Debug/net9.0/Drasi.Reactions.PostDaprPubSub.Tests.dll" adapterTypeName="executor://xunit/VsTestRunner2/netcoreapp" className="Drasi.Reactions.PostDaprPubSub.Tests.QueryConfigValidationServiceTests" name="ValidateQueryConfigsAsync_NullQueryConfig_TerminatesWithError" />
    </UnitTest>
  </TestDefinitions>
  <TestEntries>
    <TestEntry testId="d180d2fb-0217-e451-4e93-8cc07f7355b2" executionId="98435991-549d-49fb-86e1-4c084559d730" testListId="8c84fa94-04c1-424b-9868-57a2d4851a1d" />
    <TestEntry testId="e2d85402-6144-2f75-d5e9-b3979be70eae" executionId="705dfe6a-fcf6-4a5e-9e25-cf73a80b32f1" testListId="8c84fa94-04c1-424b-9868-57a2d4851a1d" />
    <TestEntry testId="b3d2948b-5e96-93c5-e37f-2211d61a9817" executionId="a20bf32a-5522-43dd-afd9-91905a1726d0" testListId="8c84fa94-04c1-424b-9868-57a2d4851a1d" />
    <TestEntry testId="425837e1-0554-12ef-b437-01c95af1d198" executionId="e897fda1-8611-4147-a319-9fa66958135a" testListId="8c84fa94-04c1-424b-9868-57a2d4851a1d" />
    <TestEntry testId="3476cddb-751f-dbbb-430f-10232721d494" executionId="40e90134-6ce2-4f28-8729-086d645262f4" testListId="8c84fa94-04c1-424b-9868-57a2d4851a1d" />
    <TestEntry testId="fffbcd02-d95c-82cc-caca-d1709e6b03bc" executionId="9866b543-39a3-4785-9593-283b8537f7b0" testListId="8c84fa94-04c1-424b-9868-57a2d4851a1d" />
    <TestEntry testId="34582b26-0560-05b7-cc28-19d055f31b6b" executionId="3e3f3075-d6dd-4cf8-9906-326cedcfe6f2" testListId="8c84fa94-04c1-424b-9868-57a2d4851a1d" />
    <TestEntry testId="cf2e0766-dbe6-a21c-1672-edb02e390c8f" executionId="57ad89c0-9b3a-42d4-9166-0daecaa557f4" testListId="8c84fa94-04c1-424b-9868-57a2d4851a1d" />
    <TestEntry testId="cdc62f13-b04b-5a35-f6e8-08f521e54efe" executionId="2b94703e-6114-48e3-8da7-e2f96a09fbb0" testListId="8c84fa94-04c1-424b-9868-57a2d4851a1d" />
    <TestEntry testId="fe55149d-9a11-a0f9-d89a-5ec8c20c5ebc" executionId="f26c8ea1-13c1-49e3-990f-2d2cd02e96e3" testListId="8c84fa94-04c1-424b-9868-57a2d4851a1d" />
    <TestEntry testId="07fdafc7-75b6-dc8b-b23e-74a093f78d3a" executionId="93c32bbe-fb66-45fa-8d79-077d20b3b6af" testListId="8c84fa94-04c1-424b-9868-57a2d4851a1d" />
    <TestEntry testId="b4bce090-0cb1-69d2-4298-e069deb27190" executionId="3bbf9428-b07c-49f4-b41f-67c087b0256c" testListId="8c84fa94-04c1-424b-9868-57a2d4851a1d" />
    <TestEntry testId="c5af4e3e-0ae9-4739-481e-2fba006286b8" executionId="69b7aefc-d8b2-49ca-b850-33806ddc314e" testListId="8c84fa94-04c1-424b-9868-57a2d4851a1d" />
    <TestEntry testId="d3405e7b-aef3-6311-6ad1-a6a8902c5fb7" executionId="f5143558-de20-4adc-85d4-e5457ccbd692" testListId="8c84fa94-04c1-424b-9868-57a2d4851a1d" />
    <TestEntry testId="eaa9352c-e56d-bccb-7ebd-c86cb231c82e" executionId="aad9cb50-c283-4545-9070-cee297e7c43b" testListId="8c84fa94-04c1-424b-9868-57a2d4851a1d" />
    <TestEntry testId="16d164c0-fcfd-8d45-4ba6-fccae81767c7" executionId="0937e316-4d0c-4708-a2e4-bd7785b9ac38" testListId="8c84fa94-04c1-424b-9868-57a2d4851a1d" />
    <TestEntry testId="7688b0d8-5bc7-3b99-070d-4b66e4dc6ea2" executionId="0dfa17ea-16e4-42b7-90ab-e6a03a09e58a" testListId="8c84fa94-04c1-424b-9868-57a2d4851a1d" />
    <TestEntry testId="0cf5dae0-b7c4-bf50-ccfa-b4daf39608ac" executionId="a6a84a55-18de-4210-a195-a2ca9ca55464" testListId="8c84fa94-04c1-424b-9868-57a2d4851a1d" />
    <TestEntry testId="d6a8330b-be93-d610-a784-d620841ceab4" executionId="4f1d6ca2-e854-4831-88ea-d3b6b398f4ba" testListId="8c84fa94-04c1-424b-9868-57a2d4851a1d" />
    <TestEntry testId="e8e1aaab-eb79-4470-896f-bd2944396db8" executionId="30ebfc9d-0187-4d77-a6f9-4d058cd601b0" testListId="8c84fa94-04c1-424b-9868-57a2d4851a1d" />
    <TestEntry testId="bc1ae41c-4d33-fe13-ea9d-5f5832333aef" executionId="952f5856-b6a2-4d1c-bfc5-cb4fbb1754a5" testListId="8c84fa94-04c1-424b-9868-57a2d4851a1d" />
    <TestEntry testId="37573cbb-dc99-70e3-62cd-c8fb658f83d7" executionId="cb1f8b6d-ece8-4992-ab0c-f139b3ea8112" testListId="8c84fa94-04c1-424b-9868-57a2d4851a1d" />
    <TestEntry testId="c5e94c7b-2a71-e38d-7780-903bdbedfdf9" executionId="f1ed39f1-11cc-415c-90e4-bd50378b0ec6" testListId="8c84fa94-04c1-424b-9868-57a2d4851a1d" />
    <TestEntry testId="9cb056ed-2115-02b5-2fb4-823a4207cd0b" executionId="8d6541ed-6571-49e2-aca7-200bf0379437" testListId="8c84fa94-04c1-424b-9868-57a2d4851a1d" />
    <TestEntry testId="24c95512-85ad-64a8-4e05-956b1963028a" executionId="d042f4bc-3a41-45c5-ad62-6114e3abcc08" testListId="8c84fa94-04c1-424b-9868-57a2d4851a1d" />
    <TestEntry testId="23540331-e246-399c-9b8a-ca9811dc58a1" executionId="c6f111a5-724b-4bcd-b6b9-7e07e2901573" testListId="8c84fa94-04c1-424b-9868-57a2d4851a1d" />
    <TestEntry testId="3e2ec2d1-2242-4333-d694-d8d0a9a7dcbd" executionId="7d637159-ecaa-4e3c-b44d-3d9411ee5b32" testListId="8c84fa94-04c1-424b-9868-57a2d4851a1d" />
    <TestEntry testId="20ffe6a0-2a07-4414-25a8-2c20d6967970" executionId="7c282fbf-148e-4a14-a424-c48de5a1fedd" testListId="8c84fa94-04c1-424b-9868-57a2d4851a1d" />
    <TestEntry testId="c2aa9d68-546f-7bb9-2fc0-35e7abc29e4c" executionId="8da26ff3-ddd0-446f-a503-9aca48a6b23e" testListId="8c84fa94-04c1-424b-9868-57a2d4851a1d" />
    <TestEntry testId="5464ff11-0b3b-938b-e16b-6831fae1caf5" executionId="22b7cac8-5002-4c1c-acf1-bad816681aa6" testListId="8c84fa94-04c1-424b-9868-57a2d4851a1d" />
    <TestEntry testId="5529108a-3fb2-6e8d-ca67-0ac2bc6e8b51" executionId="11afd4ea-7639-473d-85cc-6632bf94af23" testListId="8c84fa94-04c1-424b-9868-57a2d4851a1d" />
    <TestEntry testId="38ea7cc3-6117-dec5-6a2b-976f60e564a2" executionId="ec9e623f-e5e4-43f1-838e-cb0228c445f8" testListId="8c84fa94-04c1-424b-9868-57a2d4851a1d" />
    <TestEntry testId="66b1ad1b-6b97-1257-c837-63c6b4850002" executionId="71f19420-488c-4783-bcc0-6fa7cb64abec" testListId="8c84fa94-04c1-424b-9868-57a2d4851a1d" />
    <TestEntry testId="c1d9e2a0-2ac2-de19-4bf9-326404dc4894" executionId="04549c77-dd77-485e-8ca0-550cf4588553" testListId="8c84fa94-04c1-424b-9868-57a2d4851a1d" />
    <TestEntry testId="936ac4f3-f1fd-ac9e-b288-bd89fdb6625a" executionId="e4058149-eccf-4d44-84c4-7fbb851fa9b4" testListId="8c84fa94-04c1-424b-9868-57a2d4851a1d" />
    <TestEntry testId="6ed7af5b-5223-b7ca-9630-d0d748c360af" executionId="69c652eb-7b1e-47b7-9741-6bdf620538e6" testListId="8c84fa94-04c1-424b-9868-57a2d4851a1d" />
    <TestEntry testId="1a145d35-ecdf-a9d0-5449-252a5362cea7" executionId="0bde6058-1238-41a2-9806-8a0c45e5f7bc" testListId="8c84fa94-04c1-424b-9868-57a2d4851a1d" />
    <TestEntry testId="e21d3cf5-9efa-da45-4610-ff4a88323b59" executionId="d16287a9-f9ae-45a6-9182-c72630777910" testListId="8c84fa94-04c1-424b-9868-57a2d4851a1d" />
    <TestEntry testId="9902f1f7-e4f9-9314-817c-93ba59066317" executionId="9e470217-2383-4d99-b2e1-b7087eaa1ec1" testListId="8c84fa94-04c1-424b-9868-57a2d4851a1d" />
    <TestEntry testId="ed0ec680-7940-573b-63d8-459b5d3767ea" executionId="1d2c1c3a-a40d-4598-a83b-1216324f3507" testListId="8c84fa94-04c1-424b-9868-57a2d4851a1d" />
    <TestEntry testId="3b66a596-fe2c-bc24-fac8-261a66af5309" executionId="19a07650-8230-4b99-b0aa-4d5c2ed90964" testListId="8c84fa94-04c1-424b-9868-57a2d4851a1d" />
    <TestEntry testId="c63ce680-2c2e-6d11-962d-fbaf0646980f" executionId="cc70e780-1426-4213-9655-9fef04a163fd" testListId="8c84fa94-04c1-424b-9868-57a2d4851a1d" />
    <TestEntry testId="0647e0eb-74c1-1a92-48ae-d6eb4f5fc000" executionId="a38c2125-a13a-460e-bb6a-999b3133729b" testListId="8c84fa94-04c1-424b-9868-57a2d4851a1d" />
    <TestEntry testId="ca25ff8a-88a4-ba3f-79a6-8406c4a4851c" executionId="2ffcf8bc-c6e0-4ec9-a187-6b7d7b4c99fe" testListId="8c84fa94-04c1-424b-9868-57a2d4851a1d" />
    <TestEntry testId="eeba28d4-3ec1-4758-03de-c55c2536883f" executionId="2c948079-6575-4f06-9445-40492b954c25" testListId="8c84fa94-04c1-424b-9868-57a2d4851a1d" />
    <TestEntry testId="f6b75ca4-7e42-d5ff-e3f5-5bb23b5728ee" executionId="c61765f7-761d-45f3-9c77-0e34d071b444" testListId="8c84fa94-04c1-424b-9868-57a2d4851a1d" />
  </TestEntries>
  <TestLists>
    <TestList name="Results Not in a List" id="8c84fa94-04c1-424b-9868-57a2d4851a1d" />
    <TestList name="All Loaded Results" id="19431567-8539-422a-85d7-44ee4e166bda" />
  </TestLists>
  <ResultSummary outcome="Failed">
    <Counters total="46" executed="46" passed="44" failed="2" error="0" timeout="0" aborted="0" inconclusive="0" passedButRunAborted="0" notRunnable="0" notExecuted="0" disconnected="0" warning="0" completed="0" inProgress="0" pending="0" />
    <Output>
      <StdOut>[xUnit.net 00:00:00.00] xUnit.net VSTest Adapter v2.4.5+1caef2f33e (64-bit .NET 9.0.11)
[xUnit.net 00:00:00.53]   Discovering: Drasi.Reactions.PostDaprPubSub.Tests
[xUnit.net 00:00:00.56]   Discovered:  Drasi.Reactions.PostDaprPubSub.Tests
[xUnit.net 00:00:00.56]   Starting:    Drasi.Reactions.PostDaprPubSub.Tests
[xUnit.net 00:00:00.85]       Assert.Contains() Failure
[xUnit.net 00:00:00.85]       Not found: (filter expression)
[xUnit.net 00:00:00.85]       In value:  List&lt;JsonElement&gt; [{"id": "1"}, {"id": "2"}, {"id": "3"}]
[xUnit.net 00:00:00.85]       Stack Trace:
[xUnit.net 00:00:00.85]         /home/runner/work/drasi-platform/drasi-platform/reactions/dapr/post-pubsub/Drasi.Reactions.PostDaprPubSub.Tests/HandlebarChangeFormatterTests.cs(287,0): at Drasi.Reactions.PostDaprPubSub.Tests.HandlebarChangeFormatterTests.Format_MultipleAddedResults_FormatsAll()
[xUnit.net 00:00:00.85]            at System.RuntimeMethodHandle.InvokeMethod(Object target, Void** arguments, Signature sig, Boolean isConstructor)
[xUnit.net 00:00:00.85]            at System.Reflection.MethodBaseInvoker.InvokeWithNoArgs(Object obj, BindingFlags invokeAttr)
[xUnit.net 00:00:00.86]       Assert.Contains() Failure
[xUnit.net 00:00:00.86]       Not found: (filter expression)
[xUnit.net 00:00:00.86]       In value:  List&lt;JsonElement&gt; [{"op": "i", "id": "1"}, {"op": "u", "id": "2"}, {"op": "d", "id": "3"}]
[xUnit.net 00:00:00.86]       Stack Trace:
[xUnit.net 00:00:00.86]         /home/runner/work/drasi-platform/drasi-platform/reactions/dapr/post-pubsub/Drasi.Reactions.PostDaprPubSub.Tests/HandlebarChangeFormatterTests.cs(253,0): at Drasi.Reactions.PostDaprPubSub.Tests.HandlebarChangeFormatterTests.Format_AllTemplatesConfigured_FormatsAllTypes()
[xUnit.net 00:00:00.86]            at System.RuntimeMethodHandle.InvokeMethod(Object target, Void** arguments, Signature sig, Boolean isConstructor)
[xUnit.net 00:00:00.86]            at System.Reflection.MethodBaseInvoker.InvokeWithNoArgs(Object obj, BindingFlags invokeAttr)
[xUnit.net 00:00:00.86]   Finished:    Drasi.Reactions.PostDaprPubSub.Tests
</StdOut>
    </Output>
    <RunInfos>
      <RunInfo computerName="runnervmg1sw1" outcome="Error" timestamp="2025-11-26T22:31:36.5324993+00:00">
        <Text>[xUnit.net 00:00:00.85]     Drasi.Reactions.PostDaprPubSub.Tests.HandlebarChangeFormatterTests.Format_MultipleAddedResults_FormatsAll [FAIL]</Text>
      </RunInfo>
      <RunInfo computerName="runnervmg1sw1" outcome="Error" timestamp="2025-11-26T22:31:36.5433961+00:00">
        <Text>[xUnit.net 00:00:00.86]     Drasi.Reactions.PostDaprPubSub.Tests.HandlebarChangeFormatterTests.Format_AllTemplatesConfigured_FormatsAllTypes [FAIL]</Text>
      </RunInfo>
    </RunInfos>
  </ResultSummary>
</TestRun>